-0.000  0.000 -0.000   0.056 -0.016 -0.988   0.421  0.023  0.855  -0.009 -0.040 -0.044
 0.102  0.040 -0.038   0.044 -0.024 -0.984   0.421  0.023  0.855   0.040 -0.054 -0.022
 0.188  0.076 -0.098   0.028 -0.020 -0.988   0.437  0.026  0.852   0.038 -0.023 -0.015
 0.298  0.133 -0.086   0.024 -0.036 -0.996   0.437  0.026  0.852   0.030  0.004 -0.013
 0.338  0.214 -0.210   0.036 -0.016 -0.988   0.437  0.026  0.852   0.012  0.004 -0.058
 0.383  0.298 -0.310   0.040 -0.024 -0.988   0.421  0.023  0.853   0.002 -0.000 -0.082
 0.425  0.315 -0.382   0.032 -0.024 -0.984   0.421  0.023  0.853   0.001 -0.039 -0.063
 0.486  0.326 -0.359   0.032 -0.036 -0.984   0.421  0.023  0.853  -0.004 -0.045 -0.027
 0.509  0.367 -0.328   0.032 -0.032 -0.988   0.437  0.029  0.857  -0.028 -0.017  0.020
 0.522  0.482 -0.345   0.028 -0.020 -0.988   0.437  0.029  0.857  -0.012  0.057  0.025
 0.523  0.623 -0.420   0.032 -0.016 -0.988   0.437  0.029  0.857  -0.015  0.076 -0.013
 0.511  0.748 -0.591   0.044 -0.008 -0.972   0.437  0.029  0.857  -0.012  0.041 -0.071
 0.551  0.828 -0.773   0.048 -0.008 -0.976   0.429  0.032  0.852   0.033 -0.001 -0.073
 0.629  0.859 -0.885   0.040 -0.012 -0.980   0.429  0.032  0.852   0.057 -0.025 -0.026
 0.704  0.909 -0.970   0.044 -0.008 -0.984   0.429  0.032  0.852   0.064 -0.016  0.007
 0.774  0.955 -0.958   0.044 -0.012 -0.988   0.429  0.020  0.850   0.057 -0.017  0.020
 0.851  0.979 -0.952   0.048 -0.020 -0.988   0.429  0.020  0.850   0.050 -0.043 -0.013
 0.909  0.947 -0.975   0.036 -0.016 -0.992   0.429  0.020  0.850   0.046 -0.064 -0.022
 0.958  0.906 -1.046   0.032 -0.016 -0.988   0.421  0.032  0.853   0.039 -0.064 -0.011
 1.011  0.913 -1.027   0.028 -0.024 -0.996   0.421  0.032  0.853   0.030 -0.017  0.033
 1.044  0.963 -0.966   0.032 -0.032 -0.988   0.421  0.032  0.853  -0.003  0.010  0.035
 1.044  1.037 -0.982   0.036 -0.028 -0.988   0.432  0.038  0.853  -0.022  0.023  0.013
 1.018  1.119 -1.056   0.036 -0.020 -0.980   0.432  0.038  0.853  -0.030  0.033 -0.008
 1.027  1.224 -1.100   0.048 -0.024 -0.988   0.432  0.038  0.853  -0.009  0.030 -0.000
 1.026  1.283 -1.113   0.040 -0.024 -0.988   0.421  0.035  0.855  -0.016  0.012  0.013
 1.033  1.377 -1.113   0.048 -0.020 -0.992   0.421  0.035  0.855  -0.003  0.028  0.039
 1.049  1.463 -1.098   0.048 -0.024 -0.996   0.421  0.035  0.855  -0.001  0.028  0.037
 1.046  1.508 -1.134   0.044 -0.020 -0.996   0.421  0.035  0.855  -0.009  0.004  0.008
 1.049  1.541 -1.203   0.044 -0.012 -0.992   0.424  0.029  0.857   0.012 -0.006 -0.018
 1.070  1.620 -1.264   0.048 -0.012 -0.992   0.424  0.029  0.857   0.027  0.028 -0.014
 1.098  1.709 -1.290   0.040 -0.020 -0.988   0.424  0.029  0.857   0.018  0.055 -0.014
 1.127  1.811 -1.267   0.052 -0.032 -0.988   0.421  0.032  0.846  -0.004  0.044 -0.003
 1.154  1.877 -1.246   0.052 -0.032 -0.992   0.421  0.032  0.846  -0.003  0.017 -0.004
 1.183  1.932 -1.216   0.068 -0.032 -0.992   0.421  0.032  0.846  -0.000 -0.022  0.006
 1.219  1.951 -1.172   0.060 -0.024 -0.984   0.411  0.026  0.857   0.023 -0.037  0.022
 1.247  1.934 -1.126   0.048 -0.024 -0.988   0.411  0.026  0.857   0.018 -0.043  0.025
 1.274  1.903 -1.064   0.044 -0.028 -0.988   0.411  0.026  0.857   0.011 -0.048  0.025
 1.285  1.915 -1.059   0.048 -0.020 -0.988   0.411  0.026  0.857   0.012 -0.020  0.008
 1.296  1.973 -1.083   0.060 -0.016 -0.984   0.416  0.029  0.855   0.018 -0.003  0.009
 1.322  1.964 -1.096   0.040 -0.020 -0.976   0.416  0.029  0.855   0.025 -0.020  0.003
 1.368  1.939 -1.044   0.036 -0.036 -0.992   0.416  0.029  0.855   0.014 -0.026  0.001
 1.406  1.934 -0.999   0.032 -0.036 -0.992   0.424  0.032  0.852   0.008 -0.000  0.009
 1.406  1.937 -1.015   0.024 -0.024 -0.992   0.424  0.032  0.852  -0.001  0.023  0.003
 1.419  1.945 -0.962   0.024 -0.040 -0.988   0.424  0.032  0.852  -0.020  0.026 -0.000
 1.403  1.992 -0.959   0.036 -0.028 -0.992   0.419  0.029  0.853  -0.022  0.037 -0.008
 1.370  2.063 -0.969   0.052 -0.020 -0.988   0.419  0.029  0.853  -0.023  0.027  0.009
 1.340  2.147 -0.993   0.052 -0.016 -0.988   0.419  0.029  0.853  -0.015  0.041  0.012
 1.315  2.218 -1.062   0.056 -0.012 -0.988   0.419  0.029  0.853  -0.004  0.024 -0.014
 1.308  2.259 -1.132   0.056 -0.016 -0.996   0.413  0.029  0.853   0.005  0.002 -0.030
 1.300  2.293 -1.163   0.048 -0.020 -1.000   0.413  0.029  0.853  -0.004  0.012 -0.011
 1.293  2.329 -1.177   0.060 -0.016 -0.992   0.413  0.029  0.853   0.003 -0.007  0.014
 1.298  2.325 -1.174   0.048 -0.020 -1.000   0.419  0.032  0.850   0.007 -0.017  0.029
 1.284  2.328 -1.243   0.044 -0.008 -0.996   0.419  0.032  0.850   0.012 -0.003  0.009
 1.290  2.343 -1.285   0.044 -0.012 -0.984   0.419  0.032  0.850   0.022  0.006  0.018
 1.295  2.350 -1.280   0.052 -0.012 -0.984   0.403  0.026  0.857   0.022 -0.016  0.031
 1.328  2.352 -1.228   0.056 -0.024 -0.988   0.403  0.026  0.857   0.023 -0.028  0.025
 1.358  2.338 -1.206   0.044 -0.024 -0.992   0.403  0.026  0.857   0.022 -0.017  0.002
 1.393  2.373 -1.254   0.044 -0.016 -0.992   0.403  0.026  0.857   0.041  0.024 -0.024
 1.428  2.473 -1.266   0.048 -0.024 -0.988   0.403  0.026  0.857   0.027  0.070 -0.026
 1.494  2.528 -1.200   0.040 -0.040 -0.988   0.403  0.026  0.857   0.024  0.051 -0.025
 1.550  2.559 -1.095   0.052 -0.048 -0.988   0.403  0.026  0.857   0.007  0.008 -0.015
 1.604  2.557 -1.007   0.052 -0.048 -1.000   0.411  0.032  0.852   0.007 -0.017  0.004
 1.625  2.562 -0.936   0.052 -0.044 -1.004   0.411  0.032  0.852  -0.012 -0.011  0.003
 1.636  2.571 -0.905   0.056 -0.036 -1.000   0.411  0.032  0.852  -0.006 -0.015  0.002
 1.648  2.571 -0.849   0.052 -0.036 -0.992   0.403  0.029  0.852  -0.005 -0.015  0.009
 1.661  2.574 -0.751   0.048 -0.044 -0.988   0.403  0.029  0.852  -0.019 -0.006  0.014
 1.639  2.563 -0.736   0.044 -0.032 -0.984   0.403  0.029  0.852  -0.026 -0.009 -0.007
 1.656  2.522 -0.688   0.032 -0.040 -0.988   0.408  0.032  0.852  -0.009 -0.010  0.004
 1.675  2.491 -0.642   0.032 -0.040 -0.988   0.408  0.032  0.852  -0.006 -0.004  0.007
 1.671  2.478 -0.621   0.032 -0.028 -0.988   0.408  0.032  0.852  -0.003  0.012  0.033
 1.658  2.460 -0.680   0.028 -0.020 -0.984   0.408  0.040  0.848   0.002  0.016  0.035
 1.653  2.445 -0.700   0.032 -0.028 -0.960   0.408  0.040  0.848  -0.008  0.008  0.033
 1.638  2.452 -0.799   0.052 -0.016 -0.968   0.408  0.040  0.848   0.006 -0.014  0.008
 1.633  2.479 -0.912   0.052 -0.016 -0.980   0.408  0.040  0.848   0.014  0.006 -0.007
 1.618  2.505 -1.067   0.044 -0.008 -0.992   0.403  0.035  0.861   0.022  0.023 -0.040
 1.623  2.564 -1.223   0.040 -0.012 -0.992   0.403  0.035  0.861   0.031  0.061 -0.060
 1.619  2.647 -1.361   0.052 -0.008 -0.988   0.403  0.035  0.861   0.029  0.060 -0.037
 1.631  2.711 -1.389   0.052 -0.028 -0.984   0.408  0.038  0.850   0.006  0.044 -0.009
 1.634  2.744 -1.381   0.068 -0.032 -0.988   0.408  0.038  0.850  -0.008 -0.012  0.006
 1.623  2.751 -1.429   0.064 -0.016 -0.992   0.408  0.038  0.850   0.010 -0.025  0.018
 1.613  2.753 -1.484   0.052 -0.012 -0.992   0.406  0.035  0.848   0.018 -0.005  0.013
 1.644  2.779 -1.478   0.048 -0.024 -1.000   0.406  0.035  0.848   0.030  0.024  0.022
 1.665  2.798 -1.439   0.040 -0.032 -0.996   0.406  0.035  0.848   0.008  0.034  0.018
 1.664  2.808 -1.404   0.048 -0.028 -0.996   0.406  0.035  0.848  -0.001  0.011  0.030
 1.684  2.820 -1.322   0.052 -0.040 -0.996   0.401  0.035  0.857  -0.005  0.005  0.028
 1.688  2.832 -1.302   0.060 -0.028 -0.992   0.401  0.035  0.857   0.003 -0.011  0.020
 1.696  2.813 -1.283   0.056 -0.024 -0.996   0.401  0.035  0.857   0.014 -0.027  0.036
 1.708  2.795 -1.207   0.052 -0.036 -0.988   0.408  0.038  0.855  -0.004 -0.022  0.053
 1.713  2.756 -1.122   0.052 -0.036 -0.980   0.408  0.038  0.855  -0.010 -0.042  0.063
 1.700  2.719 -1.123   0.048 -0.024 -0.980   0.408  0.038  0.855  -0.004 -0.032  0.036
 1.700  2.678 -1.105   0.044 -0.024 -0.988   0.416  0.029  0.852   0.010 -0.028  0.015
 1.697  2.668 -1.093   0.044 -0.024 -0.976   0.416  0.029  0.852   0.006 -0.005  0.009
 1.724  2.659 -1.014   0.040 -0.036 -0.984   0.416  0.029  0.852   0.011  0.005  0.024
 1.731  2.641 -0.952   0.040 -0.028 -0.992   0.416  0.029  0.852   0.008 -0.003  0.044
 1.723  2.587 -0.960   0.032 -0.016 -0.996   0.401  0.035  0.853   0.018 -0.017  0.059
 1.711  2.550 -1.001   0.028 -0.008 -1.004   0.401  0.035  0.853   0.029  0.005  0.063
 1.726  2.580 -1.017   0.032 -0.020 -1.004   0.401  0.035  0.853   0.029  0.054  0.036
 1.707  2.652 -1.114   0.040 -0.012 -1.004   0.413  0.038  0.855   0.014  0.073  0.008
 1.658  2.731 -1.213   0.052 -0.012 -0.988   0.413  0.038  0.855  -0.012  0.055 -0.002
 1.617  2.774 -1.318   0.060 -0.012 -0.988   0.413  0.038  0.855  -0.008  0.012 -0.011
 1.605  2.823 -1.347   0.072 -0.020 -0.980   0.406  0.035  0.857   0.001 -0.007  0.007
 1.583  2.873 -1.325   0.076 -0.020 -0.992   0.406  0.035  0.857  -0.008 -0.011  0.048
 1.552  2.914 -1.260   0.068 -0.024 -0.988   0.406  0.035  0.857  -0.023 -0.003  0.069
 1.508  2.893 -1.253   0.056 -0.016 -0.988   0.406  0.032  0.861  -0.020 -0.028  0.042
 1.483  2.847 -1.262   0.052 -0.016 -0.992   0.406  0.032  0.861  -0.005 -0.043  0.029
 1.503  2.815 -1.223   0.052 -0.028 -1.000   0.406  0.032  0.861   0.012 -0.031  0.028
 1.509  2.820 -1.197   0.052 -0.028 -0.984   0.406  0.032  0.861  -0.000 -0.003  0.015
 1.508  2.837 -1.157   0.052 -0.032 -0.984   0.413  0.032  0.857  -0.015  0.008  0.013
 1.450  2.869 -1.178   0.064 -0.020 -0.984   0.413  0.032  0.857  -0.042 -0.003  0.003
 1.333  2.862 -1.187   0.056 -0.020 -0.980   0.413  0.032  0.857  -0.096 -0.021  0.011
 1.135  2.954 -1.039   0.048 -0.032 -0.972   0.406  0.023  0.853  -0.192  0.078  0.059
 0.882  3.314 -0.002   0.048 -0.032 -0.956   0.406  0.023  0.853  -0.250  0.314  0.834
-0.099  3.750  2.562   0.056 -0.020 -0.936   0.406  0.023  0.853  -0.859  0.396  2.208
-1.399  4.033  6.625   0.076  0.000 -0.960   0.401 -0.061  0.861  -1.095  0.310  3.302
-3.031  4.022 12.078   0.088  0.020 -0.976   0.401 -0.061  0.861  -1.400  0.187  4.709
-4.612  3.639 18.721   0.116  0.052 -0.976   0.401 -0.061  0.861  -1.421 -0.049  6.059
-6.011  2.916 26.159   0.116  0.080 -0.980   0.401 -0.061  0.861  -1.389 -0.225  7.089
-7.100  1.734 35.800   0.120  0.080 -0.984   0.401 -0.312  0.859  -1.332 -0.456  8.398
-7.657  0.297 46.462   0.128  0.092 -0.988   0.401 -0.312  0.859  -1.221 -0.723  9.698
-7.641 -1.307 58.085   0.116  0.100 -0.980   0.401 -0.312  0.859  -1.161 -0.976 10.922
-7.088 -3.071 71.430   0.104  0.096 -0.984   0.287 -0.613  0.823  -1.193 -1.118 11.795
-5.944 -4.697 85.547   0.088  0.108 -0.980   0.287 -0.613  0.823  -1.216 -1.304 12.877
-4.291 -5.960 100.408   0.064  0.112 -0.976   0.287 -0.613  0.823  -1.218 -1.428 13.882
-2.168 -6.748 116.966   0.056  0.112 -0.984  -0.021 -0.757  0.801  -1.239 -1.514 14.792
 0.116 -6.918 133.688   0.036  0.132 -0.980  -0.021 -0.757  0.801  -1.250 -1.554 15.395
 2.202 -6.382 150.764   0.016  0.144 -0.980  -0.021 -0.757  0.801  -1.123 -1.539 16.161
 3.654 -5.302 168.164  -0.004  0.156 -0.980  -0.021 -0.757  0.801  -0.816 -1.423 16.870
 4.540 -3.753 -173.136  -0.056  0.172 -0.984  -0.375 -0.480  0.786  -0.559 -1.266 17.315
 4.665 -2.459 -154.489  -0.076  0.160 -0.980  -0.375 -0.480  0.786  -0.269 -0.977 17.838
 4.423 -1.359 -134.921  -0.072  0.108 -0.984  -0.375 -0.480  0.786  -0.296 -0.825 18.280
 4.091  0.159 -114.696  -0.052  0.040 -0.984  -0.305  0.110  0.812  -0.939 -0.802 18.614
 3.298  2.256 -93.896  -0.016  0.028 -0.980  -0.305  0.110  0.812  -1.591 -0.990 18.820
 1.513  4.227 -73.258   0.028  0.052 -0.984  -0.305  0.110  0.812  -1.878 -1.350 18.942
-1.366  5.299 -49.306   0.020  0.104 -0.976   0.207  0.153  0.859  -1.859 -1.577 19.129
-4.260  5.056 -27.345   0.012  0.140 -0.984   0.207  0.153  0.859  -1.767 -1.706 19.244
-6.537  3.684 -6.254  -0.008  0.184 -0.980   0.207  0.153  0.859  -1.447 -1.795 19.443
-7.712  1.840 14.121  -0.064  0.192 -0.972   0.207  0.153  0.859  -1.025 -1.649 19.608
-7.833 -0.422 37.116  -0.108  0.156 -0.984   0.465 -0.376  0.838  -0.917 -1.349 19.730
-7.259 -2.380 59.337  -0.112  0.156 -0.988   0.465 -0.376  0.838  -0.871 -1.186 19.793
-6.239 -3.930 80.949  -0.116  0.140 -0.996   0.465 -0.376  0.838  -0.903 -1.034 19.884
-4.632 -4.928 104.193  -0.124  0.120 -1.008   0.039 -0.728  0.814  -0.893 -0.909 19.971
-3.037 -5.298 126.634  -0.124  0.112 -1.004   0.039 -0.728  0.814  -0.807 -0.723 20.019
-1.597 -5.258 148.223  -0.096  0.104 -0.996   0.039 -0.728  0.814  -0.803 -0.613 20.041
-0.112 -4.691 171.009  -0.080  0.072 -0.992  -0.411 -0.361  0.805  -0.964 -0.589 20.073
 1.489 -3.602 -167.127  -0.048  0.060 -0.992  -0.411 -0.361  0.805  -1.371 -0.705 20.084
 2.853 -1.817 -146.162  -0.024  0.040 -1.012  -0.411 -0.361  0.805  -1.725 -0.865 19.983
 3.871  0.789 -125.811   0.000  0.064 -1.008  -0.411 -0.361  0.805  -2.253 -1.045 19.828
 3.143  3.400 -103.550   0.008  0.220 -0.980  -0.235  0.162  0.821  -1.501 -1.474 19.602
 1.238  4.540 -82.695  -0.052  0.188 -1.000  -0.235  0.162  0.821  -0.697 -1.690 19.232
-0.742  4.981 -62.885  -0.112  0.168 -1.008  -0.235  0.162  0.821  -0.687 -1.530 18.950
-2.499  4.516 -41.261  -0.160  0.160 -1.016   0.310  0.101  0.857  -0.510 -1.080 18.652
-3.457  3.685 -20.814  -0.184  0.156 -1.012   0.310  0.101  0.857  -0.177 -0.722 18.503
-3.880  2.959 -1.111  -0.192  0.104 -1.000   0.310  0.101  0.857  -0.124 -0.380 18.404
-4.083  2.219 21.317  -0.168  0.052 -1.000   0.439 -0.361  0.850  -0.407 -0.171 18.347
-4.655  1.198 44.116  -0.148  0.024 -0.976   0.439 -0.361  0.850  -0.968 -0.033 18.305
-5.354 -0.574 65.609  -0.080  0.060 -0.980   0.439 -0.361  0.850  -1.531 -0.083 18.224
-4.978 -2.450 88.006  -0.044  0.148 -0.988   0.031 -0.694  0.818  -1.268 -0.353 18.019
-4.051 -3.448 108.550  -0.112  0.200 -0.992   0.031 -0.694  0.818  -0.698 -0.262 17.787
-3.327 -3.195 127.896  -0.084  0.220 -0.980   0.031 -0.694  0.818   0.258 -0.397 17.494
-2.623 -2.488 146.048  -0.076  0.072 -0.996   0.031 -0.694  0.818   0.085 -0.644 17.092
-1.053 -2.171 164.288  -0.004  0.044 -0.996  -0.336 -0.358  0.816  -1.036 -0.711 16.333
 0.738 -1.209 -178.974   0.020  0.092 -0.972  -0.336 -0.358  0.816  -1.290 -1.041 15.529
 2.118  0.202 -163.554   0.016  0.164 -0.968  -0.336 -0.358  0.816  -1.130 -1.138 14.668
 2.278  2.058 -146.787  -0.048  0.224 -0.972  -0.261 -0.009  0.844  -0.455 -1.254 14.256
 1.727  3.311 -130.374  -0.092  0.204 -0.992  -0.261 -0.009  0.844  -0.039 -0.967 13.992
 1.179  3.927 -115.710  -0.148  0.204 -1.004  -0.261 -0.009  0.844   0.135 -0.576 13.753
 0.505  3.588 -99.865  -0.184  0.216 -1.004   0.028  0.208  0.844   0.712 -0.102 13.597
 0.441  2.622 -84.991  -0.216  0.180 -1.004   0.028  0.208  0.844   1.115  0.336 13.483
 1.163  1.868 -70.875  -0.176  0.108 -1.000   0.028  0.208  0.844   0.969  0.763 13.292
 1.913  1.934 -57.417  -0.128  0.072 -1.000   0.028  0.208  0.844   0.377  0.847 12.976
 2.300  2.391 -42.301  -0.068  0.028 -0.996   0.287  0.185  0.850  -0.059  0.755 12.769
 1.691  3.410 -27.645  -0.008  0.008 -0.984   0.287  0.185  0.850  -0.926  0.559 12.561
-0.008  4.109 -13.873   0.040  0.068 -0.976   0.287  0.185  0.850  -1.494  0.085 12.313
-1.828  3.758  0.825   0.032  0.128 -0.972   0.421 -0.156  0.857  -1.298 -0.368 12.133
-3.165  2.800 14.243   0.016  0.152 -0.980   0.421 -0.156  0.857  -1.025 -0.574 11.626
-3.915  1.545 27.060  -0.012  0.180 -0.988   0.421 -0.156  0.857  -0.744 -0.711 11.705
-3.879  0.226 40.879  -0.044  0.188 -0.992   0.372 -0.509  0.836  -0.350 -0.712 11.494
-3.428 -0.746 54.138  -0.088  0.168 -0.996   0.372 -0.509  0.836  -0.136 -0.567 11.293
-2.914 -1.450 66.748  -0.096  0.156 -0.984   0.372 -0.509  0.836  -0.092 -0.431 11.119
-2.451 -1.904 78.717  -0.080  0.128 -0.988   0.372 -0.509  0.836  -0.082 -0.318 10.963
-1.969 -2.494 91.203  -0.048  0.076 -0.972   0.132 -0.647  0.833  -0.406 -0.293 10.841
-1.272 -3.618 103.053  -0.016  0.088 -0.976   0.132 -0.647  0.833  -0.965 -0.411 10.795
-0.191 -4.782 114.394   0.008  0.124 -0.980   0.132 -0.647  0.833  -1.160 -0.600 10.785
 1.506 -5.594 126.335   0.012  0.136 -0.980  -0.140 -0.665  0.820  -1.249 -0.910 10.709
 3.480 -5.881 137.790   0.004  0.180 -0.984  -0.140 -0.665  0.820  -1.188 -1.147 10.579
 5.194 -5.472 148.736  -0.028  0.200 -0.984  -0.140 -0.665  0.820  -0.825 -1.216 10.400
 6.454 -4.616 159.214  -0.068  0.228 -0.988  -0.140 -0.665  0.820  -0.460 -1.175 10.223
 6.904 -3.535 169.148  -0.108  0.212 -0.992  -0.140 -0.665  0.820   0.060 -1.008 10.026
 6.810 -2.504 178.651  -0.172  0.168 -1.000  -0.140 -0.665  0.820   0.336 -0.780  9.859
 6.525 -1.875 -172.289  -0.132  0.132 -1.004  -0.140 -0.665  0.820   0.314 -0.544  9.732
 6.240 -1.157 -161.981  -0.132  0.132 -1.004  -0.333 -0.191  0.833   0.171 -0.400  9.672
 6.080 -0.631 -152.139  -0.128  0.124 -0.988  -0.333 -0.191  0.833   0.036 -0.251  9.604
 6.089 -0.179 -142.762  -0.100  0.104 -0.980  -0.333 -0.191  0.833  -0.163 -0.180  9.540
 6.020  0.432 -132.422  -0.080  0.080 -0.972  -0.258  0.084  0.831  -0.314 -0.178  9.486
 5.971  1.200 -122.491  -0.048  0.084 -0.980  -0.258  0.084  0.831  -0.499 -0.265  9.389
 5.750  2.104 -112.903  -0.020  0.104 -0.980  -0.258  0.084  0.831  -0.574 -0.433  9.254
 5.260  2.938 -103.754  -0.012  0.116 -0.980  -0.258  0.084  0.831  -0.512 -0.576  9.082
 4.380  3.679 -93.367  -0.012  0.140 -0.976  -0.049  0.202  0.835  -0.383 -0.668  8.949
 3.375  4.121 -83.549  -0.004  0.144 -0.988  -0.049  0.202  0.835  -0.265 -0.738  8.748
 2.295  4.287 -74.391  -0.024  0.148 -0.988  -0.049  0.202  0.835  -0.174 -0.789  8.583
 1.083  4.213 -63.964  -0.028  0.140 -0.996   0.204  0.159  0.855  -0.154 -0.784  8.460
-0.042  3.951 -54.055  -0.036  0.128 -0.992   0.204  0.159  0.855  -0.168 -0.769  8.368
-1.058  3.631 -44.604  -0.024  0.132 -1.000   0.204  0.159  0.855  -0.217 -0.734  8.271
-2.074  3.165 -34.163  -0.016  0.128 -1.000   0.408  0.009  0.848  -0.290 -0.703  8.150
-2.983  2.568 -24.264  -0.012  0.132 -0.984   0.408  0.009  0.848  -0.293 -0.714  8.035
-3.713  1.872 -14.914  -0.012  0.140 -0.992   0.408  0.009  0.848  -0.248 -0.703  7.929
-4.219  1.109 -6.063  -0.008  0.136 -0.996   0.408  0.009  0.848  -0.185 -0.699  7.804
-4.578  0.189  3.453  -0.012  0.140 -0.992   0.494 -0.223  0.840  -0.170 -0.700  7.705
-4.777 -0.724 12.575  -0.008  0.120 -0.988   0.494 -0.223  0.840  -0.202 -0.700  7.623
-4.900 -1.618 21.207   0.000  0.120 -0.988   0.494 -0.223  0.840  -0.257 -0.701  7.514
-4.869 -2.562 30.304   0.004  0.120 -0.988   0.475 -0.474  0.833  -0.271 -0.695  7.392
-4.725 -3.487 38.981  -0.008  0.116 -0.984   0.475 -0.474  0.833  -0.314 -0.683  7.301
-4.518 -4.379 47.198  -0.004  0.128 -0.992   0.475 -0.474  0.833  -0.350 -0.682  7.225
-4.123 -5.232 55.751  -0.008  0.132 -0.988   0.377 -0.685  0.808  -0.324 -0.666  7.116
-3.559 -5.899 63.867  -0.012  0.136 -0.980   0.377 -0.685  0.808  -0.213 -0.672  7.009
-2.937 -6.333 71.520  -0.016  0.132 -0.968   0.377 -0.685  0.808  -0.114 -0.620  6.862
-2.267 -6.628 78.744  -0.012  0.132 -0.956   0.377 -0.685  0.808  -0.069 -0.643  6.747
-1.465 -6.802 86.332  -0.024  0.116 -0.960   0.186 -0.780  0.801  -0.061 -0.639  6.642
-0.824 -6.944 93.533  -0.040  0.104 -0.976   0.186 -0.780  0.801  -0.148 -0.474  6.536
-0.402 -7.127 100.333  -0.028  0.112 -0.988   0.186 -0.780  0.801  -0.215 -0.314  6.480
 0.025 -7.291 107.455  -0.016  0.120 -0.984  -0.010 -0.801  0.795  -0.230 -0.270  6.471
 0.438 -7.316 114.190  -0.004  0.124 -0.988  -0.010 -0.801  0.795  -0.151 -0.314  6.401
 0.829 -7.104 120.544   0.004  0.128 -0.988  -0.010 -0.801  0.795   0.007 -0.407  6.306
 1.216 -6.721 127.190   0.012  0.112 -0.988  -0.204 -0.725  0.788   0.073 -0.442  6.230
 1.559 -6.315 133.459   0.016  0.108 -0.996  -0.204 -0.725  0.788   0.057 -0.458  6.140
 1.906 -5.951 139.446   0.008  0.112 -1.004  -0.204 -0.725  0.788  -0.004 -0.439  6.075
 2.290 -5.606 145.428   0.008  0.108 -0.996  -0.204 -0.725  0.788  -0.083 -0.437  6.006
 2.780 -5.238 151.461   0.012  0.108 -0.984  -0.331 -0.561  0.795  -0.180 -0.479  5.948
 3.300 -4.838 157.232   0.024  0.120 -0.984  -0.331 -0.561  0.795  -0.228 -0.545  5.916
 3.787 -4.279 162.768   0.020  0.116 -1.008  -0.331 -0.561  0.795  -0.220 -0.648  5.891
 4.213 -3.581 168.776   0.016  0.124 -1.008  -0.398 -0.390  0.806  -0.160 -0.682  5.890
 4.545 -2.879 174.583   0.012  0.124 -1.004  -0.398 -0.390  0.806  -0.149 -0.671  5.908
 4.838 -2.249 -179.832   0.024  0.124 -0.988  -0.398 -0.390  0.806  -0.190 -0.637  5.911
 5.187 -1.536 -173.584   0.012  0.128 -0.988  -0.395 -0.199  0.810  -0.264 -0.601  5.922
 5.530 -0.852 -167.625   0.016  0.120 -1.000  -0.395 -0.199  0.810  -0.350 -0.576  5.919
 5.805 -0.185 -161.862   0.016  0.128 -1.000  -0.395 -0.199  0.810  -0.339 -0.558  5.913
 5.939  0.417 -156.361   0.016  0.124 -0.992  -0.395 -0.199  0.810  -0.270 -0.533  5.871
 5.956  1.075 -150.242   0.020  0.128 -1.000  -0.328 -0.046  0.827  -0.226 -0.528  5.789
 5.889  1.705 -144.477   0.020  0.120 -1.000  -0.328 -0.046  0.827  -0.228 -0.540  5.721
 5.755  2.285 -139.035   0.024  0.116 -0.996  -0.328 -0.046  0.827  -0.220 -0.545  5.633
 5.483  2.976 -132.630   0.020  0.120 -0.980  -0.220  0.075  0.848  -0.210 -0.567  5.579
 5.155  3.625 -126.642   0.016  0.108 -0.980  -0.220  0.075  0.848  -0.248 -0.574  5.505
 4.805  4.221 -120.971   0.012  0.112 -0.984  -0.220  0.075  0.848  -0.257 -0.554  5.426
 4.305  4.822 -114.145   0.020  0.104 -0.976  -0.075  0.150  0.842  -0.248 -0.540  5.345
 3.731  5.363 -107.744   0.016  0.112 -0.988  -0.075  0.150  0.842  -0.243 -0.562  5.210
 3.089  5.847 -101.804   0.008  0.116 -0.980  -0.075  0.150  0.842  -0.247 -0.588  5.060
 2.386  6.213 -96.244   0.008  0.108 -0.980  -0.075  0.150  0.842  -0.225 -0.622  4.935
 1.494  6.553 -89.692   0.008  0.120 -0.976   0.072  0.147  0.855  -0.223 -0.654  4.844
 0.546  6.807 -83.569   0.000  0.124 -0.972   0.072  0.147  0.855  -0.237 -0.692  4.725
-0.401  6.931 -77.829  -0.004  0.132 -0.972   0.072  0.147  0.855  -0.202 -0.704  4.631
-1.427  6.852 -71.312  -0.008  0.132 -0.976   0.217  0.104  0.859  -0.137 -0.694  4.544
-2.384  6.583 -64.892  -0.020  0.128 -0.984   0.217  0.104  0.859  -0.075 -0.648  4.433
-3.127  6.216 -59.133  -0.024  0.116 -0.980   0.217  0.104  0.859  -0.031 -0.574  4.321
-3.815  5.747 -52.667  -0.024  0.112 -0.980   0.333  0.049  0.852  -0.019 -0.499  4.205
-4.346  5.280 -46.957  -0.024  0.124 -0.968   0.333  0.049  0.852   0.021 -0.446  4.073
-4.779  4.838 -41.592  -0.020  0.124 -0.980   0.333  0.049  0.852   0.008 -0.400  3.948
-5.149  4.364 -36.314  -0.032  0.116 -0.976   0.333  0.049  0.852   0.002 -0.357  3.833
-5.479  3.860 -30.670  -0.028  0.112 -0.976   0.406 -0.055  0.853  -0.014 -0.318  3.686
-5.748  3.416 -25.726  -0.016  0.124 -0.984   0.406 -0.055  0.853  -0.009 -0.309  3.523
-5.962  2.967 -21.118  -0.016  0.116 -0.988   0.406 -0.055  0.853  -0.016 -0.307  3.359
-6.159  2.476 -16.506  -0.024  0.124 -0.984   0.455 -0.136  0.850  -0.012 -0.293  3.186
-6.296  2.001 -12.215  -0.020  0.124 -0.988   0.455 -0.136  0.850   0.002 -0.288  3.055
-6.372  1.516 -8.087  -0.024  0.120 -0.992   0.455 -0.136  0.850   0.017 -0.274  2.868
-6.405  1.064 -4.166  -0.020  0.116 -0.992   0.483 -0.214  0.836   0.014 -0.251  2.681
-6.407  0.599 -0.468  -0.028  0.120 -0.992   0.483 -0.214  0.836   0.023 -0.241  2.471
-6.352  0.193  2.735  -0.032  0.104 -0.992   0.483 -0.214  0.836   0.021 -0.215  2.260
-6.265 -0.200  5.897  -0.028  0.092 -0.996   0.488 -0.283  0.838   0.007 -0.204  2.050
-6.206 -0.553  8.684  -0.020  0.104 -0.996   0.488 -0.283  0.838  -0.001 -0.198  1.871
-6.171 -0.891 11.048  -0.016  0.112 -0.988   0.488 -0.283  0.838  -0.014 -0.202  1.627
-6.107 -1.227 13.087  -0.016  0.100 -0.984   0.488 -0.283  0.838  -0.023 -0.214  1.387
-6.059 -1.573 14.918  -0.016  0.112 -0.988   0.501 -0.327  0.838  -0.027 -0.219  1.183
-5.983 -1.901 16.387  -0.016  0.112 -0.988   0.501 -0.327  0.838  -0.009 -0.220  0.929
-5.883 -2.196 17.527  -0.016  0.100 -0.992   0.501 -0.327  0.838  -0.012 -0.209  0.656
-5.799 -2.493 18.403  -0.020  0.116 -0.992   0.506 -0.361  0.829  -0.001 -0.199  0.400
-5.731 -2.734 19.007  -0.012  0.116 -0.984   0.506 -0.361  0.829   0.001 -0.176  0.205
-5.637 -2.945 19.321  -0.024  0.112 -0.992   0.506 -0.361  0.829   0.016 -0.141 -0.057
-5.545 -3.076 19.311  -0.016  0.108 -0.992   0.514 -0.355  0.831   0.030 -0.103 -0.299
-5.466 -3.159 19.087  -0.012  0.108 -0.992   0.514 -0.355  0.831   0.035 -0.073 -0.481
-5.391 -3.229 18.552  -0.020  0.120 -0.980   0.514 -0.355  0.831   0.062 -0.045 -0.710
-5.295 -3.267 17.822  -0.024  0.112 -0.976   0.514 -0.355  0.831   0.073 -0.018 -0.918
-5.221 -3.261 16.824  -0.032  0.112 -0.972   0.530 -0.329  0.835   0.074  0.026 -1.107
-5.189 -3.192 15.621  -0.024  0.116 -0.964   0.530 -0.329  0.835   0.069  0.071 -1.297
-5.148 -3.096 14.323  -0.024  0.112 -0.976   0.530 -0.329  0.835   0.072  0.095 -1.436
-5.142 -2.951 12.740  -0.024  0.116 -0.972   0.532 -0.286  0.825   0.066  0.132 -1.573
-5.119 -2.769 11.093  -0.020  0.108 -0.976   0.532 -0.286  0.825   0.068  0.160 -1.705
-5.104 -2.587  9.335  -0.028  0.116 -0.972   0.532 -0.286  0.825   0.075  0.184 -1.842
-5.092 -2.369  7.331  -0.024  0.112 -0.968   0.512 -0.228  0.840   0.073  0.195 -1.936
-5.051 -2.177  5.298  -0.024  0.104 -0.980   0.512 -0.228  0.840   0.071  0.181 -2.062
-5.034 -1.997  3.170  -0.020  0.112 -0.968   0.512 -0.228  0.840   0.066  0.171 -2.181
-5.012 -1.830  0.985  -0.016  0.116 -0.972   0.512 -0.228  0.840   0.073  0.159 -2.290
-5.020 -1.629 -1.599  -0.016  0.124 -0.988   0.504 -0.145  0.836   0.063  0.160 -2.377
-5.006 -1.452 -4.191  -0.024  0.120 -0.988   0.504 -0.145  0.836   0.066  0.165 -2.489
-4.982 -1.280 -6.827  -0.020  0.124 -0.984   0.504 -0.145  0.836   0.078  0.160 -2.602
-4.954 -1.058 -9.787  -0.016  0.124 -0.984   0.483 -0.078  0.836   0.077  0.176 -2.704
-4.923 -0.824 -12.713  -0.016  0.128 -0.984   0.483 -0.078  0.836   0.075  0.194 -2.764
-4.863 -0.593 -15.598  -0.020  0.120 -0.980   0.483 -0.078  0.836   0.074  0.217 -2.854
-4.765 -0.302 -18.900  -0.020  0.112 -0.980   0.437  0.009  0.848   0.075  0.248 -2.936
-4.628 -0.014 -22.129  -0.020  0.108 -0.992   0.437  0.009  0.848   0.082  0.271 -3.007
-4.454  0.288 -25.245  -0.012  0.100 -0.992   0.437  0.009  0.848   0.077  0.296 -3.057
-4.280  0.602 -28.339  -0.012  0.108 -0.996   0.437  0.009  0.848   0.074  0.318 -3.117
-4.078  0.950 -31.858  -0.016  0.108 -0.984   0.372  0.081  0.844   0.075  0.340 -3.162
-3.877  1.313 -35.313  -0.012  0.120 -0.996   0.372  0.081  0.844   0.068  0.355 -3.197
-3.644  1.661 -38.624  -0.008  0.116 -1.008   0.372  0.081  0.844   0.067  0.370 -3.216
-3.385  2.027 -42.432  -0.008  0.116 -0.988   0.282  0.142  0.840   0.063  0.365 -3.238
-3.106  2.359 -46.074  -0.008  0.112 -0.988   0.282  0.142  0.840   0.062  0.371 -3.238
-2.822  2.667 -49.588  -0.008  0.116 -0.988   0.282  0.142  0.840   0.064  0.376 -3.237
-2.472  2.997 -53.643  -0.004  0.116 -0.984   0.176  0.179  0.848   0.064  0.385 -3.232
-2.132  3.276 -57.481   0.000  0.112 -0.984   0.176  0.179  0.848   0.058  0.363 -3.209
-1.808  3.517 -61.118   0.004  0.116 -0.996   0.176  0.179  0.848   0.058  0.343 -3.177
-1.504  3.746 -64.601   0.004  0.120 -0.980   0.176  0.179  0.848   0.049  0.335 -3.151
-1.184  3.941 -68.711  -0.004  0.112 -0.980   0.070  0.208  0.850   0.040  0.299 -3.121
-0.876  4.108 -72.635  -0.004  0.120 -0.976   0.070  0.208  0.850   0.052  0.289 -3.089
-0.591  4.212 -76.312   0.000  0.108 -0.988   0.070  0.208  0.850   0.050  0.264 -3.045
-0.271  4.309 -80.638  -0.004  0.108 -0.996  -0.010  0.194  0.844   0.040  0.247 -3.013
 0.004  4.382 -84.500   0.000  0.112 -0.988  -0.010  0.194  0.844   0.041  0.223 -2.958
 0.262  4.432 -88.138   0.004  0.104 -0.988  -0.010  0.194  0.844   0.027  0.212 -2.918
 0.567  4.452 -92.296   0.004  0.104 -0.984  -0.093  0.156  0.842   0.031  0.203 -2.861
 0.835  4.438 -96.327  -0.004  0.096 -0.976  -0.093  0.156  0.842   0.033  0.195 -2.825
 1.101  4.419 -100.127  -0.004  0.100 -0.976  -0.093  0.156  0.842   0.029  0.203 -2.766
 1.349  4.413 -103.673   0.000  0.108 -0.984  -0.093  0.156  0.842   0.019  0.188 -2.714
 1.640  4.372 -107.693   0.000  0.108 -0.984  -0.176  0.130  0.836   0.019  0.183 -2.650
 1.916  4.314 -111.529   0.000  0.104 -0.988  -0.176  0.130  0.836   0.011  0.183 -2.604
 2.166  4.228 -115.115   0.004  0.104 -0.984  -0.176  0.130  0.836   0.025  0.175 -2.533
 2.409  4.104 -119.083   0.000  0.092 -0.984  -0.217  0.078  0.825   0.018  0.156 -2.467
 2.632  3.974 -122.840   0.000  0.092 -0.972  -0.217  0.078  0.825   0.018  0.153 -2.411
 2.843  3.862 -126.503   0.000  0.100 -0.972  -0.217  0.078  0.825   0.014  0.134 -2.336
 3.083  3.721 -130.490   0.000  0.104 -0.976  -0.261  0.017  0.836   0.010  0.129 -2.261
 3.304  3.581 -134.181   0.004  0.112 -0.980  -0.261  0.017  0.836   0.017  0.117 -2.184
 3.478  3.415 -137.505   0.008  0.104 -0.984  -0.261  0.017  0.836   0.029  0.115 -2.102
 3.611  3.257 -140.627   0.004  0.100 -0.984  -0.261  0.017  0.836   0.034  0.100 -2.004
 3.754  3.051 -144.019   0.008  0.100 -0.988  -0.307 -0.038  0.825   0.039  0.101 -1.936
 3.881  2.863 -147.128   0.008  0.108 -0.992  -0.307 -0.038  0.825   0.046  0.089 -1.828
 3.950  2.681 -150.081   0.008  0.096 -0.988  -0.307 -0.038  0.825   0.055  0.066 -1.737
 4.022  2.483 -153.292   0.008  0.096 -0.988  -0.315 -0.087  0.823   0.050  0.054 -1.635
 4.056  2.269 -156.291   0.020  0.092 -1.000  -0.315 -0.087  0.823   0.062  0.039 -1.534
 4.072  2.092 -158.930   0.012  0.092 -1.000  -0.315 -0.087  0.823   0.064  0.035 -1.437
 4.099  1.927 -161.606   0.012  0.100 -1.000  -0.326 -0.127  0.831   0.063  0.018 -1.370
 4.128  1.764 -164.003   0.020  0.112 -0.988  -0.326 -0.127  0.831   0.079  0.008 -1.270
 4.132  1.638 -166.251   0.012  0.100 -0.984  -0.326 -0.127  0.831   0.068 -0.006 -1.164
 4.126  1.537 -168.334   0.008  0.096 -0.988  -0.326 -0.127  0.831   0.064 -0.016 -1.072
 4.138  1.445 -170.204   0.004  0.104 -0.988  -0.326 -0.127  0.831   0.063 -0.007 -0.995
 4.154  1.357 -171.878   0.004  0.104 -0.976  -0.326 -0.127  0.831   0.061 -0.006 -0.892
 4.174  1.237 -173.383   0.016  0.104 -0.984  -0.326 -0.127  0.831   0.055  0.001 -0.791
 4.191  1.100 -175.068   0.012  0.104 -0.980  -0.336 -0.179  0.821   0.057  0.004 -0.716
 4.207  0.984 -176.579   0.008  0.104 -0.984  -0.336 -0.179  0.821   0.055 -0.001 -0.621
 4.197  0.906 -177.968   0.000  0.092 -0.984  -0.336 -0.179  0.821   0.052 -0.016 -0.521
 4.217  0.835 -179.217   0.000  0.104 -0.980  -0.336 -0.197  0.833   0.051 -0.023 -0.416
 4.212  0.760 179.592   0.004  0.092 -0.984  -0.336 -0.197  0.833   0.045 -0.027 -0.347
 4.224  0.701 178.581   0.004  0.096 -0.984  -0.336 -0.197  0.833   0.039 -0.038 -0.247
 4.255  0.646 177.740   0.004  0.100 -0.988  -0.336 -0.197  0.833   0.028 -0.039 -0.147
 4.277  0.601 177.016   0.000  0.104 -0.988  -0.336 -0.205  0.820   0.044 -0.042 -0.046
 4.305  0.549 176.354   0.012  0.100 -0.992  -0.336 -0.205  0.820   0.025 -0.060  0.020
 4.364  0.498 175.881   0.012  0.108 -0.980  -0.336 -0.205  0.820   0.016 -0.061  0.123
 4.424  0.459 175.593   0.012  0.116 -0.976  -0.331 -0.202  0.823   0.030 -0.067  0.221
 4.490  0.441 175.415   0.004  0.112 -0.980  -0.331 -0.202  0.823   0.018 -0.070  0.317
 4.586  0.587 175.397  -0.060  0.112 -0.984  -0.331 -0.202  0.823   0.012 -0.080  0.383
 4.662  0.605 175.466  -0.004  0.112 -0.984  -0.326 -0.194  0.833   0.007 -0.086  0.475
 4.713  0.590 175.598   0.008  0.112 -0.984  -0.326 -0.194  0.833   0.022 -0.082  0.547
 4.761  0.564 175.779   0.008  0.108 -0.988  -0.326 -0.194  0.833   0.013 -0.072  0.615
 4.820  0.544 176.050   0.004  0.108 -0.984  -0.326 -0.194  0.833   0.003 -0.070  0.693
 4.866  0.539 176.511   0.004  0.104 -0.984  -0.328 -0.173  0.827   0.006 -0.072  0.774
 4.920  0.538 177.052   0.000  0.108 -1.000  -0.328 -0.173  0.827   0.002 -0.066  0.845
 4.973  0.522 177.614   0.000  0.104 -0.992  -0.328 -0.173  0.827  -0.006 -0.054  0.896
 5.021  0.530 178.378   0.000  0.104 -0.992  -0.313 -0.147  0.825  -0.004 -0.062  0.963
 5.049  0.525 179.136   0.000  0.096 -0.992  -0.313 -0.147  0.825  -0.004 -0.053  1.025
 5.104  0.528 179.977   0.000  0.104 -0.992  -0.313 -0.147  0.825  -0.014 -0.058  1.083
 5.143  0.519 -179.031   0.008  0.100 -0.992  -0.302 -0.124  0.835  -0.011 -0.051  1.130
 5.187  0.533 -177.984   0.008  0.104 -1.000  -0.302 -0.124  0.835  -0.011 -0.070  1.196
 5.232  0.546 -176.946   0.004  0.100 -0.992  -0.302 -0.124  0.835  -0.020 -0.061  1.238
 5.283  0.567 -175.854   0.004  0.108 -0.996  -0.302 -0.124  0.835  -0.014 -0.066  1.280
 5.305  0.602 -174.529   0.004  0.100 -0.984  -0.300 -0.087  0.823  -0.004 -0.059  1.320
 5.332  0.675 -173.177   0.000  0.104 -0.980  -0.300 -0.087  0.823  -0.005 -0.083  1.367
 5.355  0.758 -171.781  -0.004  0.100 -0.976  -0.300 -0.087  0.823  -0.011 -0.083  1.414
 5.369  0.841 -170.125   0.004  0.104 -0.984  -0.274 -0.058  0.831  -0.000 -0.081  1.444
 5.387  0.931 -168.556   0.000  0.108 -0.984  -0.274 -0.058  0.831  -0.001 -0.082  1.474
 5.410  1.018 -167.001   0.000  0.112 -0.980  -0.274 -0.058  0.831   0.001 -0.078  1.490
 5.406  1.133 -165.194  -0.004  0.104 -0.976  -0.266 -0.017  0.838  -0.000 -0.076  1.514
 5.376  1.261 -163.353  -0.008  0.104 -0.980  -0.266 -0.017  0.838   0.014 -0.083  1.540
 5.354  1.363 -161.566   0.000  0.104 -0.996  -0.266 -0.017  0.838   0.007 -0.082  1.555
 5.290  1.477 -159.693  -0.008  0.092 -0.980  -0.245  0.017  0.833   0.014 -0.075  1.561
 5.247  1.586 -157.809   0.000  0.100 -0.980  -0.245  0.017  0.833   0.013 -0.080  1.569
 5.224  1.706 -155.927  -0.004  0.112 -0.976  -0.245  0.017  0.833   0.016 -0.071  1.574
 5.184  1.812 -154.145  -0.004  0.108 -0.984  -0.245  0.017  0.833   0.021 -0.072  1.579
 5.062  1.905 -152.281  -0.012  0.080 -0.992  -0.212  0.046  0.842   0.029 -0.071  1.584
 4.970  1.982 -150.407  -0.004  0.088 -0.988  -0.212  0.046  0.842   0.029 -0.061  1.583
 4.896  2.062 -148.539  -0.004  0.100 -0.988  -0.212  0.046  0.842   0.036 -0.054  1.574
 4.813  2.178 -146.268   0.000  0.104 -0.980  -0.181  0.081  0.842   0.038 -0.058  1.582
 4.726  2.289 -144.102   0.004  0.104 -0.984  -0.181  0.081  0.842   0.039 -0.067  1.551
 4.629  2.367 -141.938   0.008  0.096 -0.988  -0.181  0.081  0.842   0.041 -0.061  1.555
 4.498  2.482 -139.595   0.000  0.100 -0.984  -0.155  0.118  0.831   0.053 -0.070  1.550
 4.371  2.605 -137.378  -0.008  0.108 -0.992  -0.155  0.118  0.831   0.055 -0.062  1.533
 4.250  2.725 -135.264  -0.008  0.108 -0.980  -0.155  0.118  0.831   0.051 -0.064  1.513
 4.111  2.824 -133.288  -0.008  0.100 -0.988  -0.155  0.118  0.831   0.053 -0.073  1.499
 3.933  2.960 -130.925  -0.008  0.104 -0.984  -0.119  0.136  0.842   0.057 -0.088  1.483
 3.747  3.071 -128.808  -0.004  0.096 -0.984  -0.119  0.136  0.842   0.058 -0.106  1.447
 3.568  3.188 -126.696  -0.004  0.100 -0.988  -0.119  0.136  0.842   0.052 -0.104  1.416
 3.366  3.331 -124.409  -0.004  0.104 -0.988  -0.096  0.162  0.844   0.050 -0.116  1.380
 3.179  3.452 -122.250  -0.004  0.104 -0.992  -0.096  0.162  0.844   0.050 -0.106  1.352
 2.997  3.550 -120.237  -0.004  0.100 -0.988  -0.096  0.162  0.844   0.051 -0.102  1.312
 2.817  3.700 -117.888   0.000  0.116 -0.988  -0.052  0.185  0.842   0.040 -0.098  1.273
 2.645  3.832 -115.841  -0.008  0.108 -0.988  -0.052  0.185  0.842   0.023 -0.092  1.236
 2.460  3.924 -113.928  -0.008  0.100 -0.988  -0.052  0.185  0.842   0.036 -0.098  1.196
 2.258  4.039 -111.805  -0.008  0.104 -0.988  -0.010  0.191  0.850   0.025 -0.099  1.150
 2.067  4.129 -109.812  -0.008  0.100 -0.988  -0.010  0.191  0.850   0.027 -0.091  1.108
 1.902  4.219 -107.892   0.000  0.108 -0.988  -0.010  0.191  0.850   0.031 -0.086  1.064
 1.736  4.296 -106.104   0.000  0.108 -1.000  -0.010  0.191  0.850   0.034 -0.089  1.011
 1.563  4.402 -104.385  -0.008  0.116 -0.980   0.005  0.202  0.838   0.024 -0.083  0.950
 1.385  4.499 -102.798  -0.012  0.108 -0.980   0.005  0.202  0.838   0.010 -0.088  0.915
 1.231  4.571 -101.291  -0.004  0.104 -0.976   0.005  0.202  0.838   0.014 -0.082  0.855
 1.047  4.654 -99.649  -0.008  0.108 -0.972   0.041  0.202  0.842   0.012 -0.084  0.808
 0.858  4.734 -98.186  -0.016  0.108 -0.976   0.041  0.202  0.842   0.007 -0.082  0.750
 0.691  4.788 -96.778  -0.008  0.104 -0.980   0.041  0.202  0.842   0.013 -0.080  0.703
 0.545  4.812 -95.483  -0.008  0.092 -0.980   0.041  0.202  0.842   0.010 -0.066  0.646
 0.367  4.856 -94.184  -0.016  0.100 -0.976   0.065  0.197  0.842   0.006 -0.072  0.582
 0.220  4.903 -92.945  -0.008  0.096 -0.984   0.065  0.197  0.842  -0.011 -0.064  0.524
 0.061  4.956 -91.843  -0.016  0.100 -0.984   0.065  0.197  0.842  -0.014 -0.066  0.494
-0.088  5.009 -90.742  -0.012  0.100 -0.984   0.078  0.208  0.846  -0.017 -0.062  0.442
-0.237  5.067 -89.760  -0.012  0.104 -0.992   0.078  0.208  0.846  -0.020 -0.066  0.377
-0.377  5.146 -88.894  -0.012  0.116 -0.996   0.078  0.208  0.846  -0.020 -0.061  0.323
-0.523  5.222 -87.899  -0.012  0.112 -0.988   0.101  0.194  0.838  -0.030 -0.054  0.293
-0.656  5.278 -86.975  -0.008  0.104 -0.984   0.101  0.194  0.838  -0.031 -0.053  0.233
-0.779  5.326 -86.140  -0.008  0.096 -0.984   0.101  0.194  0.838  -0.043 -0.049  0.172
-0.901  5.381 -85.397  -0.012  0.096 -0.992   0.101  0.194  0.838  -0.055 -0.045  0.139
-1.013  5.445 -84.724  -0.008  0.100 -0.996   0.098  0.197  0.850  -0.054 -0.043  0.086
-1.105  5.491 -84.132  -0.004  0.092 -0.988   0.098  0.197  0.850  -0.058 -0.040  0.033
-1.184  5.540 -83.655  -0.008  0.092 -0.980   0.098  0.197  0.850  -0.061 -0.025 -0.024
-1.258  5.600 -83.239  -0.012  0.096 -0.980   0.103  0.194  0.844  -0.065 -0.011 -0.071
-1.320  5.660 -82.875  -0.008  0.100 -0.988   0.103  0.194  0.844  -0.060 -0.009 -0.118
-1.397  5.760 -82.668  -0.016  0.120 -0.992   0.103  0.194  0.844  -0.061 -0.006 -0.170
-1.469  5.860 -82.517  -0.016  0.116 -0.984   0.098  0.179  0.846  -0.070 -0.004 -0.211
-1.512  5.952 -82.384  -0.008  0.112 -0.984   0.098  0.179  0.846  -0.071  0.007 -0.269
-1.564  6.022 -82.285  -0.008  0.108 -0.984   0.098  0.179  0.846  -0.065 -0.004 -0.303
-1.608  6.094 -82.242  -0.008  0.108 -0.992   0.098  0.179  0.846  -0.070  0.002 -0.350
-1.646  6.149 -82.216  -0.004  0.104 -0.992   0.096  0.171  0.852  -0.065 -0.000 -0.394
-1.679  6.217 -82.278  -0.008  0.112 -0.996   0.096  0.171  0.852  -0.064  0.010 -0.433
-1.714  6.259 -82.385  -0.012  0.104 -1.000   0.096  0.171  0.852  -0.060  0.010 -0.467
-1.731  6.302 -82.720  -0.012  0.104 -0.992   0.072  0.171  0.852  -0.058  0.006 -0.503
-1.736  6.342 -83.013  -0.004  0.100 -0.984   0.072  0.171  0.852  -0.061  0.006 -0.531
-1.748  6.378 -83.413  -0.016  0.100 -0.984   0.072  0.171  0.852  -0.060  0.015 -0.559
-1.741  6.395 -83.853  -0.012  0.100 -0.988   0.065  0.159  0.850  -0.043  0.019 -0.577
-1.725  6.468 -84.303  -0.008  0.116 -0.976   0.065  0.159  0.850  -0.054  0.026 -0.600
-1.721  6.524 -84.807  -0.020  0.112 -0.988   0.065  0.159  0.850  -0.056  0.030 -0.614
-1.674  6.548 -85.409  -0.008  0.100 -0.992   0.041  0.145  0.850  -0.050  0.033 -0.643
-1.629  6.596 -86.005  -0.008  0.108 -0.992   0.041  0.145  0.850  -0.056  0.033 -0.650
-1.571  6.626 -86.591  -0.008  0.104 -0.992   0.041  0.145  0.850  -0.049  0.045 -0.665
-1.515  6.646 -87.123  -0.004  0.100 -0.992   0.041  0.145  0.850  -0.050  0.039 -0.671
-1.432  6.657 -87.771   0.000  0.100 -0.988   0.026  0.156  0.852  -0.041  0.044 -0.675
-1.352  6.697 -88.413   0.000  0.112 -0.988   0.026  0.156  0.852  -0.042  0.045 -0.683
-1.275  6.714 -89.024   0.000  0.104 -0.984   0.026  0.156  0.852  -0.039  0.044 -0.685
-1.193  6.710 -89.803  -0.008  0.096 -0.984   0.013  0.153  0.848  -0.037  0.049 -0.693
-1.104  6.704 -90.481   0.000  0.096 -0.992   0.013  0.153  0.848  -0.037  0.048 -0.690
-1.014  6.725 -91.137   0.000  0.108 -0.992   0.013  0.153  0.848  -0.038  0.051 -0.690
-0.969  6.615 -91.684   0.000  0.096 -0.996   0.013  0.145  0.848   0.052  0.018 -0.630
-0.908  6.493 -92.321   0.000  0.096 -0.996  -0.008  0.145  0.850   0.067  0.015 -0.544
-0.840  6.482 -92.952  -0.004  0.096 -0.984  -0.008  0.145  0.850  -0.023  0.026 -0.529
-0.764  6.477 -93.566  -0.004  0.088 -0.984  -0.008  0.145  0.850  -0.045  0.033 -0.533
-0.659  6.527 -94.375  -0.008  0.092 -0.992  -0.023  0.139  0.846  -0.087  0.049 -0.548
-0.517  6.607 -95.102  -0.004  0.104 -0.984  -0.023  0.139  0.846  -0.093  0.076 -0.543
-0.285  6.612 -95.261   0.060  0.112 -0.984  -0.023  0.139  0.846  -0.016  0.089 -0.532
-0.223  6.504 -96.636  -0.064  0.104 -0.996  -0.039  0.116  0.848   0.094  0.085 -0.534
-0.086  6.383 -97.464  -0.004  0.104 -0.996  -0.039  0.116  0.848   0.075  0.085 -0.534
 0.016  6.333 -98.276  -0.008  0.100 -0.996  -0.039  0.116  0.848   0.013  0.059 -0.514
 0.108  6.333 -98.959  -0.004  0.112 -0.988  -0.039  0.116  0.848  -0.004  0.044 -0.483
 0.204  6.276 -99.611  -0.004  0.096 -1.004  -0.039  0.116  0.848   0.008  0.056 -0.450
 0.330  6.233 -100.230  -0.004  0.100 -0.992  -0.039  0.116  0.848   0.002  0.079 -0.424
 0.433  6.143 -100.742  -0.004  0.116 -0.984  -0.039  0.116  0.848   0.079  0.079 -0.406
 0.548  5.998 -101.619  -0.008  0.108 -0.980  -0.075  0.121  0.844   0.115  0.074 -0.401
 0.659  5.887 -102.413   0.000  0.096 -0.972  -0.075  0.121  0.844   0.064  0.061 -0.387
 0.778  5.805 -103.153   0.004  0.088 -0.980  -0.075  0.121  0.844   0.022  0.062 -0.372
 0.893  5.734 -103.765   0.004  0.096 -0.980  -0.070  0.116  0.846   0.029  0.065 -0.336
 1.034  5.786 -104.132   0.000  0.116 -0.988  -0.070  0.116  0.846  -0.041  0.074 -0.157
 1.002  6.075 -104.376  -0.016  0.148 -1.000  -0.070  0.116  0.846  -0.147 -0.094 -0.037
 0.772  6.179 -104.611  -0.040  0.164 -1.024  -0.070  0.116  0.846   0.072 -0.194  0.053
 0.585  6.199 -104.825  -0.032  0.128 -1.008  -0.070  0.116  0.846   0.068 -0.164  0.106
 0.476  6.183 -104.966  -0.020  0.120 -1.004  -0.070  0.116  0.846   0.066 -0.111  0.112
 0.453  6.046 -105.107  -0.016  0.108 -0.992  -0.070  0.116  0.846   0.129 -0.022  0.117
 0.543  5.973 -105.175  -0.008  0.092 -0.992  -0.067  0.130  0.846   0.021  0.054  0.105
 0.694  6.031 -105.239  -0.004  0.088 -0.984  -0.067  0.130  0.846  -0.110  0.072  0.091
 0.773  6.094 -105.272   0.000  0.112 -0.976  -0.067  0.130  0.846  -0.052  0.015  0.024
 0.721  6.024 -105.463  -0.004  0.112 -0.988  -0.062  0.110  0.844   0.085 -0.059 -0.085
 0.606  6.070 -105.760  -0.020  0.132 -0.992  -0.062  0.110  0.844   0.046 -0.116 -0.123
 0.496  6.166 -105.984  -0.024  0.152 -0.984  -0.062  0.110  0.844   0.045 -0.119 -0.090
 0.371  6.174 -106.305  -0.044  0.144 -0.980  -0.062  0.110  0.844   0.111 -0.092 -0.040
 0.282  6.219 -106.613  -0.052  0.120 -0.980  -0.057  0.121  0.852   0.028 -0.060  0.003
 0.236  6.308 -106.898  -0.056  0.124 -0.984  -0.057  0.121  0.852  -0.011 -0.033  0.030
 0.234  6.310 -107.088  -0.056  0.128 -0.980  -0.057  0.121  0.852   0.056  0.024  0.096
 0.249  6.358 -107.208  -0.056  0.140 -0.980  -0.062  0.127  0.844   0.036  0.027  0.139
 0.312  6.386 -107.360  -0.052  0.136 -0.980  -0.062  0.127  0.844   0.030  0.065  0.097
 0.402  6.339 -107.425  -0.036  0.136 -0.976  -0.062  0.127  0.844   0.080  0.089  0.075
 0.472  6.273 -107.456  -0.028  0.124 -0.980  -0.059  0.127  0.855   0.075  0.070  0.058
 0.534  6.233 -107.462  -0.020  0.116 -0.980  -0.059  0.127  0.855   0.040  0.048  0.042
 0.561  6.190 -107.436  -0.012  0.100 -0.976  -0.059  0.127  0.855   0.021  0.008  0.047
 0.545  6.189 -107.369  -0.008  0.104 -0.972  -0.059  0.127  0.855   0.006 -0.040  0.041
 0.525  6.231 -107.476  -0.020  0.112 -0.976  -0.070  0.133  0.853  -0.011 -0.047  0.023
 0.483  6.271 -107.751  -0.036  0.108 -0.988  -0.070  0.133  0.853  -0.010 -0.045 -0.014
 0.432  6.290 -108.063  -0.040  0.108 -0.988  -0.070  0.133  0.853   0.010 -0.044 -0.031
 0.379  6.318 -108.337  -0.048  0.108 -0.984  -0.059  0.133  0.844   0.005 -0.031 -0.035
 0.363  6.342 -108.575  -0.048  0.108 -0.976  -0.059  0.133  0.844  -0.001 -0.000 -0.009
 0.358  6.346 -108.672  -0.040  0.116 -0.988  -0.059  0.133  0.844   0.022  0.004  0.035
 0.331  6.383 -108.587  -0.028  0.116 -0.992  -0.049  0.121  0.850  -0.004 -0.034  0.061
 0.328  6.439 -108.465  -0.024  0.128 -0.996  -0.049  0.121  0.850  -0.006 -0.023  0.045
 0.351  6.462 -108.431  -0.032  0.124 -0.988  -0.049  0.121  0.850   0.007  0.016  0.037
 0.429  6.462 -108.353  -0.020  0.116 -0.980  -0.049  0.121  0.850  -0.005  0.052  0.015
 0.541  6.431 -108.430  -0.020  0.112 -0.976  -0.065  0.124  0.852   0.007  0.077  0.013
 0.630  6.370 -108.521  -0.020  0.104 -0.984  -0.065  0.124  0.852   0.019  0.068  0.018
 0.710  6.358 -108.617  -0.020  0.108 -0.980  -0.065  0.124  0.852  -0.009  0.051 -0.000
 0.765  6.354 -108.667  -0.012  0.116 -0.988  -0.070  0.127  0.846   0.005  0.019 -0.007
 0.783  6.326 -108.621   0.000  0.112 -0.984  -0.070  0.127  0.846   0.025 -0.018 -0.002
 0.797  6.311 -108.658  -0.012  0.112 -0.984  -0.070  0.127  0.846   0.018 -0.009  0.011
 0.812  6.226 -108.680  -0.016  0.092 -0.980  -0.062  0.121  0.853   0.036  0.017  0.055
 0.833  6.189 -108.672  -0.020  0.104 -0.964  -0.062  0.121  0.853   0.027  0.019  0.075
 0.854  6.162 -108.631  -0.012  0.096 -0.972  -0.062  0.121  0.853  -0.000  0.005  0.067
 0.835  6.143 -108.606  -0.012  0.092 -0.976  -0.062  0.121  0.853  -0.004 -0.031  0.062
 0.779  6.144 -108.730  -0.028  0.096 -0.972  -0.065  0.127  0.852   0.003 -0.045  0.039
 0.822  6.125 -108.765  -0.024  0.108 -0.984  -0.065  0.127  0.852   0.012  0.037  0.061
 0.942  6.125 -108.740  -0.024  0.120 -0.988  -0.065  0.127  0.852  -0.001  0.099  0.090
 1.048  6.131 -108.771  -0.028  0.120 -0.980  -0.072  0.130  0.842  -0.001  0.089  0.117
 1.095  6.124 -108.779  -0.024  0.108 -0.980  -0.072  0.130  0.842   0.001  0.040  0.136
 1.118  6.128 -108.719  -0.016  0.116 -0.976  -0.072  0.130  0.842   0.013  0.011  0.120
 1.105  6.128 -108.524  -0.008  0.120 -0.980  -0.057  0.118  0.852   0.031 -0.016  0.078
 1.079  6.090 -108.383  -0.008  0.112 -0.984  -0.057  0.118  0.852   0.049 -0.018  0.055
 1.063  6.036 -108.270  -0.008  0.104 -0.988  -0.057  0.118  0.852   0.045 -0.009  0.053
 1.080  6.008 -108.178  -0.012  0.104 -0.988  -0.057  0.118  0.852   0.017  0.016  0.073
 1.116  6.028 -108.121  -0.008  0.108 -0.980  -0.070  0.133  0.850  -0.017  0.008  0.075
 1.122  6.106 -108.152  -0.016  0.112 -0.984  -0.070  0.133  0.850  -0.052 -0.020  0.044
 1.151  6.105 -108.193  -0.012  0.104 -0.996  -0.070  0.133  0.850  -0.012  0.012  0.030
 1.184  6.066 -108.254  -0.012  0.108 -0.992  -0.070  0.124  0.844   0.027  0.026  0.028
 1.238  6.021 -108.281  -0.008  0.112 -0.996  -0.070  0.124  0.844   0.033  0.041  0.020
 1.302  5.981 -108.302  -0.012  0.120 -0.992  -0.070  0.124  0.844   0.044  0.057  0.034
 1.387  5.967 -108.353  -0.016  0.112 -0.996  -0.067  0.118  0.850   0.001  0.074  0.052
 1.518  5.997 -108.344  -0.008  0.116 -0.988  -0.067  0.118  0.850  -0.039  0.094  0.039
 1.619  6.016 -108.368  -0.016  0.124 -0.984  -0.067  0.118  0.850  -0.008  0.088  0.044
 1.692  6.010 -108.376  -0.016  0.124 -0.988  -0.067  0.118  0.850   0.018  0.076  0.056
 1.734  6.012 -108.393  -0.012  0.136 -0.980  -0.080  0.130  0.850   0.046  0.040  0.056
 1.725  5.973 -108.401  -0.008  0.128 -0.988  -0.080  0.130  0.850   0.074  0.004  0.053
 1.689  5.944 -108.377   0.000  0.116 -0.992  -0.080  0.130  0.850   0.050 -0.034  0.053
 1.643  5.959 -108.359  -0.008  0.116 -0.992  -0.075  0.130  0.844   0.018 -0.042  0.063
 1.620  5.974 -108.336  -0.004  0.108 -0.996  -0.075  0.130  0.844  -0.005 -0.031  0.063
 1.602  5.968 -108.336  -0.008  0.104 -0.984  -0.075  0.130  0.844   0.005 -0.017  0.078
 1.565  5.947 -108.397  -0.020  0.100 -0.984  -0.070  0.127  0.852   0.017 -0.011  0.083
 1.544  5.923 -108.355  -0.008  0.100 -0.984  -0.070  0.127  0.852   0.014 -0.014  0.088
 1.538  5.902 -108.291  -0.008  0.108 -0.988  -0.070  0.127  0.852   0.024 -0.000  0.090
 1.537  5.878 -108.191  -0.008  0.116 -0.988  -0.070  0.127  0.852   0.041  0.006  0.106
 1.546  5.870 -108.122  -0.012  0.112 -0.988  -0.078  0.145  0.848   0.019  0.013  0.131
 1.559  5.828 -108.015  -0.004  0.100 -0.988  -0.078  0.145  0.848   0.022  0.012  0.144
 1.569  5.820 -107.823   0.000  0.112 -0.984  -0.078  0.145  0.848   0.021 -0.000  0.168
 1.546  5.792 -107.568  -0.008  0.100 -0.980  -0.059  0.142  0.840   0.022 -0.000  0.171
 1.501  5.776 -107.284  -0.004  0.100 -0.992  -0.059  0.142  0.840   0.017 -0.028  0.178
 1.466  5.781 -106.999  -0.004  0.108 -0.988  -0.059  0.142  0.840   0.014 -0.025  0.173
 1.411  5.784 -106.809  -0.008  0.108 -0.992  -0.062  0.130  0.848   0.021 -0.042  0.174
 1.359  5.799 -106.615  -0.008  0.112 -0.992  -0.062  0.130  0.848   0.018 -0.043  0.175
 1.307  5.796 -106.482  -0.012  0.100 -0.984  -0.062  0.130  0.848   0.011 -0.038  0.182
 1.277  5.784 -106.318  -0.008  0.100 -0.980  -0.062  0.130  0.848   0.014 -0.023  0.186
 1.256  5.749 -106.133  -0.004  0.092 -0.984  -0.067  0.150  0.850   0.014 -0.018  0.190
 1.233  5.728 -105.977  -0.008  0.100 -0.980  -0.067  0.150  0.850   0.022 -0.016  0.182
 1.200  5.696 -105.836  -0.012  0.100 -0.984  -0.067  0.150  0.850   0.034 -0.017  0.200
 1.159  5.666 -105.526  -0.008  0.108 -0.992  -0.052  0.145  0.840   0.049 -0.018  0.205
 1.118  5.643 -105.297  -0.016  0.104 -0.988  -0.052  0.145  0.840   0.038 -0.011  0.205
 1.080  5.606 -105.046  -0.012  0.100 -0.980  -0.052  0.145  0.840   0.042 -0.014  0.212
 1.023  5.576 -104.812  -0.016  0.100 -0.992  -0.049  0.147  0.852   0.040 -0.023  0.204
 0.962  5.576 -104.635  -0.024  0.108 -0.992  -0.049  0.147  0.852   0.034 -0.023  0.201
 0.919  5.566 -104.408  -0.016  0.104 -0.988  -0.049  0.147  0.852   0.031 -0.020  0.206
 0.876  5.570 -104.151  -0.012  0.108 -0.988  -0.049  0.147  0.852   0.027 -0.028  0.206
 0.832  5.563 -103.860  -0.012  0.104 -0.988  -0.047  0.162  0.853   0.029 -0.025  0.204
 0.784  5.539 -103.556  -0.008  0.096 -0.980  -0.047  0.162  0.853   0.029 -0.033  0.210
 0.741  5.542 -103.254  -0.008  0.104 -0.968  -0.047  0.162  0.853   0.025 -0.033  0.206
 0.705  5.541 -102.830  -0.004  0.104 -0.980  -0.036  0.165  0.844   0.024 -0.026  0.216
 0.659  5.534 -102.423  -0.004  0.100 -0.988  -0.036  0.165  0.844   0.022 -0.036  0.221
 0.626  5.537 -102.021  -0.004  0.104 -0.996  -0.036  0.165  0.844   0.017 -0.028  0.227
 0.583  5.540 -101.658  -0.008  0.108 -0.992  -0.034  0.156  0.853   0.028 -0.029  0.218
 0.540  5.533 -101.350  -0.012  0.100 -0.992  -0.034  0.156  0.853   0.021 -0.026  0.219
 0.510  5.534 -100.999  -0.004  0.104 -0.984  -0.034  0.156  0.853   0.021 -0.028  0.208
 0.479  5.521 -100.665  -0.004  0.100 -0.984  -0.034  0.156  0.853   0.025 -0.027  0.210
 0.440  5.510 -100.326  -0.008  0.100 -0.992  -0.028  0.171  0.848   0.023 -0.026  0.195
 0.409  5.528 -99.966  -0.004  0.108 -0.996  -0.028  0.171  0.848   0.013 -0.028  0.195
 0.378  5.534 -99.673  -0.008  0.104 -0.988  -0.028  0.171  0.848   0.016 -0.023  0.177
 0.347  5.533 -99.231   0.000  0.100 -0.988  -0.016  0.162  0.846   0.013 -0.025  0.172
 0.322  5.529 -98.818   0.000  0.100 -0.992  -0.016  0.162  0.846   0.014 -0.021  0.163
 0.272  5.541 -98.550  -0.016  0.108 -1.000  -0.016  0.162  0.846   0.018 -0.023  0.151
 0.230  5.478 -98.255  -0.008  0.072 -1.000  -0.016  0.173  0.850   0.010 -0.022  0.146
 0.206  5.452 -98.002  -0.004  0.092 -1.000  -0.023  0.173  0.850   0.018 -0.022  0.142
 0.183  5.434 -97.761  -0.004  0.096 -0.996  -0.023  0.173  0.850   0.021 -0.022  0.138
 0.174  5.426 -97.547  -0.004  0.096 -0.996  -0.023  0.173  0.850   0.011 -0.012  0.124
 0.165  5.395 -97.337  -0.004  0.088 -0.996  -0.023  0.182  0.844   0.016 -0.010  0.127
 0.161  5.392 -97.125   0.000  0.096 -0.984  -0.023  0.182  0.844   0.010 -0.014  0.105
 0.148  5.405 -96.969  -0.008  0.104 -0.984  -0.023  0.182  0.844   0.013 -0.011  0.108
 0.130  5.415 -96.671  -0.004  0.104 -0.992  -0.008  0.171  0.844   0.013 -0.011  0.102
 0.105  5.445 -96.448  -0.012  0.108 -0.996  -0.008  0.171  0.844   0.003 -0.009  0.096
 0.092  5.470 -96.192  -0.004  0.108 -0.992  -0.008  0.171  0.844   0.006 -0.009  0.083
 0.082  5.495 -95.927   0.000  0.108 -0.988  -0.008  0.171  0.844   0.006 -0.012  0.074
 0.068  5.517 -95.705  -0.004  0.108 -0.984  -0.008  0.185  0.850   0.010 -0.010  0.067
 0.051  5.550 -95.522  -0.008  0.108 -0.980  -0.008  0.185  0.850  -0.000 -0.009  0.064
 0.036  5.566 -95.348  -0.008  0.100 -0.976  -0.008  0.185  0.850  -0.003 -0.006  0.067
 0.016  5.631 -95.233  -0.012  0.120 -0.972  -0.010  0.188  0.846  -0.003 -0.010  0.053
 0.021  5.689 -95.110  -0.008  0.120 -0.976  -0.010  0.188  0.846  -0.003  0.006  0.044
 0.023  5.729 -95.004  -0.008  0.108 -0.980  -0.010  0.188  0.846  -0.014  0.004  0.037
 0.020  5.743 -94.914  -0.008  0.104 -0.984  -0.010  0.168  0.850  -0.001 -0.000  0.037
 0.017  5.746 -94.841  -0.008  0.100 -0.980  -0.010  0.168  0.850   0.001  0.001  0.028
 0.019  5.777 -94.755  -0.004  0.104 -0.984  -0.010  0.168  0.850  -0.016 -0.003  0.013
 0.027  5.789 -94.708  -0.008  0.096 -0.988  -0.010  0.168  0.850  -0.019  0.008  0.013
 0.032  5.825 -94.575  -0.008  0.108 -0.980   0.000  0.188  0.852  -0.015  0.015  0.002
 0.029  5.870 -94.454  -0.008  0.108 -0.984   0.000  0.188  0.852  -0.023  0.007 -0.005
 0.010  5.883 -94.379  -0.012  0.104 -0.980   0.000  0.188  0.852  -0.004  0.001 -0.016
 0.001  5.871 -94.312  -0.008  0.096 -0.984  -0.003  0.173  0.844  -0.000  0.001 -0.021
-0.004  5.882 -94.283  -0.012  0.104 -0.992  -0.003  0.173  0.844  -0.005  0.010 -0.029
 0.009  5.890 -94.208  -0.004  0.100 -0.992  -0.003  0.173  0.844  -0.012  0.013 -0.036
 0.014  5.875 -94.173  -0.004  0.096 -0.996  -0.005  0.153  0.850  -0.000  0.006 -0.043
 0.034  5.881 -94.119   0.000  0.104 -0.988  -0.005  0.153  0.850  -0.001  0.013 -0.054
 0.032  5.883 -94.157  -0.012  0.100 -0.972  -0.005  0.153  0.850  -0.001  0.011 -0.047
 0.044  5.889 -94.176  -0.008  0.100 -0.968  -0.005  0.153  0.850  -0.005  0.017 -0.059
 0.054  5.894 -94.356  -0.016  0.104 -0.972  -0.018  0.179  0.853   0.003  0.018 -0.065
 0.074  5.888 -94.473  -0.008  0.104 -0.972  -0.018  0.179  0.853   0.012  0.017 -0.068
 0.088  5.895 -94.614  -0.012  0.104 -0.980  -0.018  0.179  0.853  -0.000  0.017 -0.066
 0.073  5.893 -94.849  -0.024  0.104 -0.988  -0.018  0.168  0.844   0.010  0.007 -0.069
 0.091  5.916 -94.996  -0.012  0.108 -0.984  -0.018  0.168  0.844  -0.008  0.018 -0.079
 0.101  5.931 -95.095  -0.008  0.104 -0.980  -0.018  0.168  0.844  -0.008  0.007 -0.065
 0.108  5.930 -95.217  -0.012  0.100 -0.980  -0.016  0.156  0.855  -0.003  0.012 -0.071
 0.123  5.909 -95.308  -0.008  0.092 -0.988  -0.016  0.156  0.855  -0.004  0.015 -0.070
 0.137  5.869 -95.379  -0.004  0.084 -0.988  -0.016  0.156  0.855  -0.003  0.011 -0.080
 0.150  5.844 -95.434  -0.004  0.092 -0.988  -0.016  0.156  0.855   0.002  0.010 -0.074
 0.182  5.874 -95.551  -0.004  0.112 -0.992  -0.023  0.156  0.855  -0.008  0.017 -0.077
 0.218  5.890 -95.659  -0.004  0.108 -0.984  -0.023  0.156  0.855  -0.003  0.022 -0.071
 0.237  5.895 -95.789  -0.008  0.104 -0.988  -0.023  0.156  0.855  -0.001  0.015 -0.064
 0.241  5.900 -96.007  -0.020  0.104 -0.988  -0.023  0.162  0.846   0.001  0.018 -0.073
 0.236  5.893 -96.194  -0.016  0.096 -0.976  -0.023  0.162  0.846  -0.001  0.007 -0.071
 0.247  5.905 -96.333  -0.012  0.108 -0.972  -0.023  0.162  0.846   0.005  0.013 -0.074
 0.233  5.901 -96.416  -0.012  0.100 -0.964  -0.016  0.150  0.848   0.006 -0.000 -0.076
 0.227  5.901 -96.485  -0.012  0.104 -0.972  -0.016  0.150  0.848   0.008  0.005 -0.069
 0.227  5.892 -96.510  -0.008  0.104 -0.980  -0.016  0.150  0.848   0.013  0.006 -0.062
 0.220  5.888 -96.539  -0.008  0.104 -0.976  -0.016  0.150  0.848   0.011 -0.000 -0.066
 0.212  5.886 -96.749  -0.020  0.104 -0.984  -0.026  0.150  0.855   0.010  0.005 -0.055
 0.205  5.895 -96.947  -0.020  0.108 -0.980  -0.026  0.150  0.855   0.010  0.005 -0.058
 0.207  5.919 -97.106  -0.020  0.120 -0.984  -0.026  0.150  0.855   0.018  0.011 -0.044
