-0.000  0.000 -0.000   0.148 -0.012 -0.976   0.339 -0.046  0.861   0.038  0.060 -0.025
 0.056  0.376  0.280   0.148 -0.020 -0.980   0.339 -0.046  0.861   0.027  0.012 -0.036
 0.091  0.722  0.604   0.144 -0.028 -0.984   0.341 -0.046  0.857   0.001  0.022 -0.004
 0.118  1.015  0.910   0.140 -0.024 -0.984   0.341 -0.046  0.857   0.002 -0.003  0.003
 0.158  1.264  1.222   0.144 -0.032 -0.984   0.341 -0.046  0.857   0.002 -0.041 -0.007
 0.174  1.464  1.511   0.140 -0.028 -0.976   0.346 -0.055  0.855  -0.009 -0.069 -0.037
 0.207  1.650  1.735   0.140 -0.024 -0.976   0.346 -0.055  0.855   0.015 -0.074 -0.070
 0.227  1.833  1.920   0.128 -0.020 -0.976   0.346 -0.055  0.855   0.011 -0.046 -0.088
 0.237  2.032  2.099   0.124 -0.016 -0.976   0.346 -0.055  0.855   0.011 -0.018 -0.076
 0.250  2.234  2.257   0.108 -0.016 -0.964   0.341 -0.040  0.863   0.009  0.022 -0.036
 0.256  2.382  2.477   0.108 -0.016 -0.980   0.341 -0.040  0.863   0.002 -0.014  0.023
 0.254  2.496  2.732   0.116 -0.016 -0.976   0.341 -0.040  0.863  -0.005 -0.056  0.066
 0.229  2.601  2.954   0.120 -0.020 -0.976   0.354 -0.038  0.859  -0.033 -0.067  0.051
 0.209  2.727  3.115   0.120 -0.020 -0.988   0.354 -0.038  0.859  -0.028 -0.043  0.006
 0.194  2.847  3.218   0.108 -0.016 -0.992   0.354 -0.038  0.859  -0.017 -0.023 -0.035
 0.196  2.973  3.381   0.100 -0.020 -0.988   0.351 -0.049  0.852  -0.006  0.005 -0.044
 0.176  3.142  3.530   0.100 -0.020 -0.988   0.351 -0.049  0.852  -0.022  0.048 -0.053
 0.160  3.336  3.729   0.100 -0.024 -0.996   0.351 -0.049  0.852  -0.023  0.076 -0.019
 0.131  3.530  3.981   0.112 -0.032 -0.984   0.351 -0.049  0.852  -0.048  0.056  0.011
 0.091  3.651  4.293   0.100 -0.028 -0.984   0.339 -0.058  0.859  -0.051  0.023  0.029
 0.009  3.775  4.480   0.112 -0.008 -0.980   0.339 -0.058  0.859  -0.054  0.012  0.014
-0.039  3.882  4.561   0.112  0.000 -0.972   0.339 -0.058  0.859  -0.013 -0.002 -0.040
-0.018  3.958  4.575   0.116  0.000 -0.968   0.346 -0.052  0.863   0.039 -0.039 -0.058
 0.020  4.012  4.627   0.116 -0.004 -0.972   0.346 -0.052  0.863   0.048 -0.056 -0.040
 0.043  4.115  4.781   0.128 -0.012 -0.976   0.346 -0.052  0.863   0.026 -0.034  0.026
 0.031  4.233  4.959   0.128 -0.012 -0.988   0.351 -0.049  0.853  -0.004 -0.012  0.066
 0.024  4.306  5.125   0.112 -0.008 -0.988   0.351 -0.049  0.853   0.005 -0.014  0.068
 0.041  4.403  5.249   0.120 -0.008 -0.980   0.351 -0.049  0.853   0.027 -0.012  0.044
 0.071  4.471  5.359   0.116 -0.008 -0.988   0.351 -0.049  0.853   0.037 -0.024  0.034
 0.086  4.597  5.525   0.128 -0.020 -0.984   0.339 -0.052  0.861   0.012  0.003  0.028
 0.049  4.781  5.611   0.140 -0.012 -0.980   0.339 -0.052  0.861  -0.013  0.038 -0.004
 0.011  4.956  5.691   0.132 -0.016 -0.980   0.339 -0.052  0.861  -0.022  0.053 -0.026
 0.013  5.092  5.753   0.136 -0.016 -0.980   0.357 -0.058  0.859   0.010  0.012 -0.047
 0.012  5.180  5.852   0.128 -0.016 -0.976   0.357 -0.058  0.859   0.004 -0.008 -0.016
 0.003  5.262  6.019   0.120 -0.020 -0.976   0.357 -0.058  0.859  -0.010  0.005  0.025
-0.010  5.327  6.172   0.116 -0.012 -0.976   0.341 -0.055  0.855  -0.001  0.000  0.044
-0.038  5.364  6.268   0.124 -0.004 -0.988   0.341 -0.055  0.855  -0.004 -0.032  0.034
-0.058  5.425  6.316   0.124 -0.004 -0.992   0.341 -0.055  0.855   0.005 -0.011 -0.003
-0.031  5.474  6.428   0.116 -0.016 -0.984   0.341 -0.055  0.855   0.024 -0.007  0.012
-0.008  5.547  6.540   0.116 -0.024 -0.980   0.349 -0.046  0.861   0.005  0.011  0.023
-0.011  5.639  6.628   0.120 -0.020 -0.980   0.349 -0.046  0.861  -0.007  0.028  0.025
 0.001  5.693  6.696   0.112 -0.020 -0.968   0.349 -0.046  0.861   0.002  0.010  0.008
 0.003  5.706  6.684   0.112 -0.004 -0.976   0.359 -0.049  0.859   0.018 -0.021 -0.005
 0.033  5.669  6.639   0.112  0.000 -0.984   0.359 -0.049  0.859   0.043 -0.063 -0.018
 0.049  5.638  6.665   0.108 -0.008 -0.996   0.359 -0.049  0.859   0.021 -0.049  0.009
 0.065  5.683  6.715   0.116 -0.016 -0.988   0.359 -0.046  0.852   0.013 -0.001  0.018
 0.051  5.795  6.781   0.128 -0.016 -0.992   0.359 -0.046  0.852  -0.005  0.038  0.036
 0.064  5.853  6.893   0.112 -0.024 -0.996   0.359 -0.046  0.852   0.000  0.025  0.045
 0.093  5.887  7.005   0.104 -0.028 -0.992   0.359 -0.046  0.852   0.006  0.019  0.030
 0.091  5.945  7.133   0.112 -0.020 -0.992   0.349 -0.052  0.865   0.000  0.026  0.042
 0.080  6.012  7.255   0.104 -0.020 -0.984   0.349 -0.052  0.865  -0.007  0.050  0.036
 0.052  6.051  7.309   0.104 -0.016 -0.980   0.349 -0.052  0.865  -0.017  0.031 -0.002
 0.021  6.050  7.234   0.108  0.000 -0.976   0.354 -0.049  0.857  -0.002 -0.008 -0.031
 0.009  6.068  7.156   0.108  0.000 -0.984   0.354 -0.049  0.857   0.016  0.008 -0.032
-0.018  6.163  7.145   0.124 -0.008 -0.988   0.354 -0.049  0.857  -0.004  0.045 -0.004
-0.003  6.280  7.207   0.128 -0.024 -0.980   0.349 -0.049  0.853   0.010  0.053  0.003
 0.041  6.334  7.256   0.124 -0.024 -0.980   0.349 -0.049  0.853   0.028  0.006 -0.005
 0.082  6.359  7.271   0.124 -0.016 -0.984   0.349 -0.049  0.853   0.038 -0.014 -0.004
 0.149  6.328  7.294   0.120 -0.020 -0.992   0.346 -0.040  0.863   0.043 -0.054  0.024
 0.197  6.302  7.368   0.120 -0.024 -0.992   0.346 -0.040  0.863   0.023 -0.049  0.051
 0.251  6.282  7.497   0.120 -0.036 -0.992   0.346 -0.040  0.863   0.011 -0.047  0.055
 0.276  6.279  7.587   0.120 -0.028 -0.988   0.346 -0.040  0.863   0.005 -0.032  0.058
 0.311  6.289  7.665   0.116 -0.040 -0.980   0.367 -0.038  0.859  -0.007 -0.016  0.030
 0.315  6.324  7.666   0.120 -0.032 -0.972   0.367 -0.038  0.859  -0.017  0.000 -0.007
 0.321  6.360  7.584   0.128 -0.020 -0.984   0.367 -0.038  0.859   0.005 -0.011 -0.031
 0.307  6.372  7.554   0.116 -0.012 -0.988   0.357 -0.046  0.857   0.004 -0.002 -0.008
 0.310  6.362  7.577   0.100 -0.020 -0.988   0.357 -0.046  0.857   0.002  0.008 -0.000
 0.297  6.363  7.604   0.100 -0.012 -0.980   0.357 -0.046  0.857   0.004  0.019  0.034
 0.264  6.387  7.516   0.108 -0.004 -0.980   0.362 -0.035  0.861  -0.005  0.025  0.020
 0.227  6.451  7.396   0.112  0.000 -0.964   0.362 -0.035  0.861   0.001  0.049  0.004
 0.225  6.539  7.248   0.112  0.000 -0.960   0.362 -0.035  0.861   0.032  0.067 -0.020
 0.218  6.620  7.127   0.124  0.000 -0.980   0.362 -0.035  0.861   0.027  0.045  0.001
 0.238  6.644  7.022   0.128 -0.004 -0.988   0.362 -0.035  0.857   0.038 -0.010 -0.002
 0.299  6.663  7.005   0.128 -0.020 -0.992   0.362 -0.035  0.857   0.048 -0.017  0.019
 0.344  6.717  7.083   0.128 -0.032 -0.992   0.362 -0.035  0.857   0.021  0.015  0.056
 0.337  6.801  7.190   0.136 -0.028 -0.976   0.349 -0.040  0.859  -0.010  0.027  0.066
 0.313  6.844  7.226   0.136 -0.020 -0.988   0.349 -0.040  0.859  -0.016  0.000  0.035
 0.326  6.810  7.243   0.132 -0.024 -0.988   0.349 -0.040  0.859   0.001 -0.061  0.007
 0.364  6.838  7.172   0.160 -0.024 -1.004   0.357 -0.035  0.859   0.026 -0.061 -0.026
 0.378  6.902  7.143   0.144 -0.028 -0.988   0.357 -0.035  0.859   0.004  0.000 -0.015
 0.352  6.945  7.145   0.132 -0.020 -0.984   0.357 -0.035  0.859  -0.018  0.011  0.030
 0.345  6.917  7.172   0.128 -0.020 -0.980   0.357 -0.035  0.859  -0.011 -0.044  0.052
 0.330  6.811  7.278   0.112 -0.016 -0.972   0.359 -0.052  0.855  -0.011 -0.082  0.056
 0.322  6.737  7.353   0.100 -0.016 -0.968   0.359 -0.052  0.855  -0.002 -0.035  0.026
 0.318  6.718  7.394   0.108 -0.016 -0.972   0.359 -0.052  0.855   0.006 -0.006  0.004
 0.335  6.699  7.422   0.104 -0.024 -0.968   0.354 -0.043  0.859   0.007 -0.002 -0.003
 0.343  6.638  7.477   0.100 -0.028 -0.980   0.354 -0.043  0.859  -0.010 -0.028  0.004
 0.325  6.564  7.505   0.100 -0.020 -0.980   0.354 -0.043  0.859  -0.021 -0.034  0.009
 0.300  6.496  7.509   0.096 -0.012 -0.976   0.359 -0.043  0.857  -0.015 -0.027  0.023
 0.278  6.463  7.481   0.096 -0.008 -0.992   0.359 -0.043  0.857  -0.002  0.005  0.011
 0.261  6.475  7.428   0.096 -0.004 -0.992   0.359 -0.043  0.857   0.012  0.043  0.003
 0.222  6.531  7.364   0.112  0.000 -0.992   0.359 -0.043  0.857   0.004  0.052  0.011
 0.214  6.571  7.338   0.112 -0.008 -0.984   0.362 -0.038  0.853   0.011  0.034  0.041
 0.190  6.567  7.311   0.120 -0.004 -0.972   0.362 -0.038  0.853  -0.002 -0.019  0.056
 0.176  6.568  7.266   0.120 -0.004 -0.980   0.362 -0.038  0.853   0.006 -0.013  0.040
 0.149  6.604  7.245   0.112 -0.004 -0.968   0.357 -0.046  0.853   0.004  0.031  0.015
 0.121  6.675  7.215   0.116 -0.008 -0.968   0.357 -0.046  0.853  -0.001  0.054 -0.007
 0.109  6.780  7.119   0.128 -0.004 -0.972   0.357 -0.046  0.853   0.022  0.061 -0.044
 0.133  6.808  7.022   0.120 -0.008 -0.976   0.349 -0.038  0.861   0.034  0.012 -0.029
 0.136  6.813  7.023   0.116 -0.020 -0.980   0.349 -0.038  0.861  -0.005  0.004  0.003
 0.151  6.834  7.062   0.116 -0.024 -0.992   0.349 -0.038  0.861   0.002  0.019  0.023
 0.130  6.836  7.070   0.124 -0.012 -0.984   0.349 -0.038  0.861  -0.012 -0.010  0.042
 0.142  6.776  7.092   0.124 -0.012 -0.996   0.354 -0.043  0.853   0.012 -0.065  0.036
 0.153  6.709  7.055   0.124 -0.004 -0.988   0.354 -0.043  0.853   0.023 -0.074  0.014
 0.165  6.667  7.043   0.116 -0.012 -0.980   0.354 -0.043  0.853   0.013 -0.041  0.002
 0.144  6.704  7.040   0.124 -0.016 -0.976   0.341 -0.043  0.859  -0.011  0.011 -0.011
 0.143  6.705  7.013   0.120 -0.016 -0.976   0.341 -0.043  0.859   0.001 -0.012 -0.032
-0.196  6.606  6.988   0.116 -0.012 -0.980   0.341 -0.043  0.859  -0.293 -0.054 -0.053
-0.181  6.512  6.822   0.104 -0.004 -0.988   0.359 -0.032  0.859   0.006 -0.058 -0.049
-0.138  6.426  6.718   0.088 -0.008 -0.976   0.359 -0.032  0.859   0.026 -0.028 -0.022
-0.103  6.380  6.669   0.092 -0.008 -0.980   0.359 -0.032  0.859   0.023 -0.005  0.020
-0.076  6.371  6.653   0.100 -0.012 -0.984   0.357 -0.032  0.853   0.016  0.009  0.031
-0.064  6.422  6.639   0.112 -0.016 -0.984   0.357 -0.032  0.853   0.002  0.038  0.020
-0.055  6.526  6.585   0.116 -0.016 -0.984   0.357 -0.032  0.853   0.006  0.078 -0.014
-0.030  6.638  6.482   0.120 -0.012 -0.984   0.357 -0.032  0.853   0.027  0.078 -0.041
 0.009  6.770  6.469   0.128 -0.024 -0.980   0.351 -0.040  0.859   0.027  0.081 -0.044
-0.006  6.884  6.414   0.128 -0.024 -0.988   0.351 -0.040  0.859  -0.018  0.077 -0.087
-0.057  6.971  6.260   0.116 -0.028 -0.980   0.351 -0.040  0.859  -0.059  0.082 -0.201
-0.150  7.047  5.881   0.108 -0.032 -0.956   0.346 -0.032  0.861  -0.109  0.091 -0.394
-0.218  7.082  5.217   0.096 -0.056 -0.944   0.346 -0.032  0.861  -0.132  0.071 -0.732
-0.208  7.072  3.969   0.076 -0.056 -0.936   0.346 -0.032  0.861  -0.074  0.069 -1.303
-0.322  7.093  1.464   0.040 -0.032 -0.904   0.326 -0.017  0.855  -0.149  0.179 -2.323
-0.475  7.315 -2.829   0.044  0.028 -0.908   0.326 -0.017  0.855  -0.087  0.341 -3.663
-0.415  7.693 -8.339   0.056  0.056 -0.896   0.326 -0.017  0.855   0.106  0.460 -4.713
 0.015  8.009 -15.241   0.068  0.072 -0.908   0.326 -0.017  0.855   0.417  0.463 -6.010
 0.800  8.190 -24.103   0.084  0.088 -0.920   0.222  0.052  0.859   0.670  0.446 -7.346
 1.754  8.182 -33.833   0.104  0.104 -0.924   0.222  0.052  0.859   0.855  0.441 -8.357
 2.879  7.772 -44.614   0.108  0.104 -0.940   0.222  0.052  0.859   1.135  0.408 -9.609
 4.302  6.828 -57.850   0.120  0.104 -0.960   0.023  0.168  0.844   1.431  0.407 -10.779
 5.503  5.412 -71.744   0.120  0.104 -0.988   0.023  0.168  0.844   1.632  0.414 -11.839
 6.281  3.575 -85.909   0.112  0.100 -1.004   0.023  0.168  0.844   1.820  0.394 -12.582
 6.552  1.559 -100.566   0.104  0.104 -1.020   0.023  0.168  0.844   1.918  0.412 -13.483
 6.361 -0.746 -117.958   0.092  0.108 -1.032  -0.253  0.127  0.816   1.984  0.472 -14.298
 5.494 -2.994 -136.424   0.084  0.116 -1.052  -0.253  0.127  0.816   2.044  0.578 -15.002
 3.983 -4.838 -155.034   0.064  0.108 -1.048  -0.253  0.127  0.816   2.068  0.660 -15.596
 1.992 -6.328 -174.958   0.076  0.116 -1.072  -0.442 -0.220  0.793   2.054  0.788 -16.009
-0.477 -7.136 164.206   0.084  0.132 -1.072  -0.442 -0.220  0.793   2.112  0.885 -16.493
-2.838 -7.036 144.651   0.080  0.120 -1.056  -0.442 -0.220  0.793   2.073  0.902 -16.865
-5.040 -6.204 123.576   0.080  0.108 -1.044  -0.253 -0.636  0.801   1.891  0.897 -17.201
-6.709 -4.704 103.067   0.056  0.136 -1.028  -0.253 -0.636  0.801   1.943  0.946 -17.512
-7.761 -2.546 83.235   0.052  0.136 -1.016  -0.253 -0.636  0.801   2.145  1.013 -17.701
-8.068  0.029 62.269   0.060  0.132 -1.016   0.173 -0.624  0.831   2.182  1.020 -17.906
-7.415  2.363 41.989   0.048  0.132 -1.008   0.173 -0.624  0.831   2.133  0.985 -18.033
-6.003  4.248 22.308   0.064  0.120 -0.992   0.173 -0.624  0.831   2.119  0.927 -18.085
-3.997  5.339  3.195   0.056  0.132 -0.988   0.173 -0.624  0.831   2.161  0.780 -18.061
-1.549  5.629 -17.284   0.072  0.128 -0.972   0.331 -0.159  0.867   2.255  0.579 -17.973
 0.763  4.914 -36.917   0.088  0.148 -0.968   0.331 -0.159  0.867   2.352  0.431 -17.827
 2.870  3.071 -55.756   0.088  0.156 -0.956   0.331 -0.159  0.867   2.782  0.323 -17.714
 4.504  0.335 -76.436   0.096  0.144 -0.952   0.036  0.272  0.844   3.014  0.236 -17.591
 4.887 -2.648 -96.218   0.076  0.112 -0.948   0.036  0.272  0.844   2.924  0.169 -17.498
 4.363 -5.269 -115.422   0.032  0.104 -0.956   0.036  0.272  0.844   2.676  0.318 -17.433
 3.204 -7.776 -137.457  -0.008  0.120 -0.960  -0.432  0.139  0.784   2.541  0.642 -17.244
 1.735 -9.780 -157.398  -0.012  0.180 -0.972  -0.432  0.139  0.784   2.475  1.074 -17.009
-0.743 -11.514 -176.366   0.004  0.216 -0.964  -0.432  0.139  0.784   2.984  1.365 -16.705
-4.065 -12.600 165.212   0.044  0.224 -0.952  -0.432  0.139  0.784   3.357  1.623 -16.666
-7.990 -12.406 145.024   0.108  0.220 -0.952  -0.581 -0.387  0.754   3.572  1.476 -16.714
-11.543 -10.319 124.627   0.156  0.208 -0.968  -0.581 -0.387  0.754   3.776  1.070 -16.778
-13.649 -7.017 106.141   0.184  0.180 -0.964  -0.581 -0.387  0.754   3.901  0.654 -16.775
-14.374 -2.789 86.710   0.176  0.156 -0.976  -0.220 -0.746  0.784   3.924  0.348 -16.677
-13.518  1.219 68.350   0.144  0.132 -0.984  -0.220 -0.746  0.784   3.840  0.268 -16.543
-11.630  4.527 50.898   0.100  0.120 -1.000  -0.220 -0.746  0.784   3.635  0.375 -16.333
-9.216  7.214 32.534   0.072  0.132 -1.012   0.207 -0.509  0.852   3.312  0.649 -16.107
-6.445  9.116 14.920   0.064  0.148 -1.020   0.207 -0.509  0.852   3.136  0.893 -15.909
-3.344 10.250 -2.239   0.092  0.180 -1.016   0.207 -0.509  0.852   3.141  1.006 -15.771
 0.128 10.403 -18.963   0.140  0.200 -1.008   0.207 -0.509  0.852   3.378  0.945 -15.582
 4.054  9.287 -37.350   0.176  0.212 -1.000   0.207 -0.014  0.872   3.742  0.719 -15.370
 7.295  6.615 -54.430   0.200  0.184 -0.996   0.207 -0.014  0.872   4.038  0.408 -15.155
 9.407  3.059 -70.364   0.188  0.152 -0.992   0.207 -0.014  0.872   4.082  0.264 -14.987
10.484 -1.140 -88.015   0.160  0.116 -1.004  -0.147  0.312  0.814   3.923  0.226 -14.726
10.381 -4.832 -104.908   0.112  0.088 -1.020  -0.147  0.312  0.814   3.414  0.409 -14.458
 9.935 -7.956 -120.987   0.092  0.088 -1.024  -0.147  0.312  0.814   2.946  0.931 -14.204
 8.663 -10.590 -138.522   0.112  0.096 -1.036  -0.543  0.110  0.750   2.517  0.799 -14.037
 6.763 -12.503 -155.466   0.124  0.084 -1.004  -0.543  0.110  0.750   2.352  0.719 -13.884
 4.433 -13.320 -171.891   0.132  0.084 -0.984  -0.543  0.110  0.750   2.242  0.352 -13.883
 2.161 -13.302 172.728   0.212  0.124 -0.984  -0.543  0.110  0.750   2.259  0.087 -13.727
-0.742 -12.085 155.627   0.184  0.136 -0.980  -0.597 -0.402  0.741   2.651 -0.361 -13.609
-3.169 -9.760 139.544   0.128  0.072 -0.980  -0.597 -0.402  0.741   2.806 -0.496 -13.354
-4.472 -7.378 124.833   0.084  0.064 -0.984  -0.597 -0.402  0.741   2.336 -0.392 -12.962
-5.232 -5.033 109.674   0.040  0.076 -0.972  -0.245 -0.717  0.782   2.121 -0.206 -12.640
-5.625 -3.028 95.743   0.016  0.040 -0.972  -0.245 -0.717  0.782   1.772  0.144 -12.149
-5.927 -2.047 83.095  -0.016  0.044 -0.976  -0.245 -0.717  0.782   0.886  0.530 -11.578
-6.659 -1.625 70.421   0.008  0.128 -0.960   0.093 -0.731  0.812   0.378  0.882 -10.989
-7.290 -0.905 58.782  -0.004  0.204 -0.968   0.093 -0.731  0.812   0.630  1.023 -10.509
-7.249  0.600 48.256  -0.004  0.200 -0.952   0.093 -0.731  0.812   1.362  1.062 -9.926
-6.624  2.243 38.469   0.044  0.200 -0.952   0.093 -0.731  0.812   1.698  0.907 -9.460
-5.587  3.656 28.331   0.068  0.180 -0.960   0.310 -0.546  0.846   1.697  0.631 -9.068
-4.456  4.588 18.981   0.076  0.148 -0.968   0.310 -0.546  0.846   1.477  0.467 -8.755
-3.725  5.059 10.610   0.052  0.112 -0.976   0.310 -0.546  0.846   0.926  0.411 -8.328
-3.154  5.373  2.033   0.036  0.112 -0.964   0.390 -0.280  0.857   0.688  0.375 -7.881
-2.539  5.636 -5.822   0.024  0.144 -0.956   0.390 -0.280  0.857   0.755  0.447 -7.419
-1.776  5.843 -13.084   0.004  0.164 -0.964   0.390 -0.280  0.857   0.882  0.549 -7.086
-0.991  6.241 -20.809  -0.012  0.164 -0.964   0.328 -0.075  0.859   0.782  0.742 -6.687
-0.216  6.639 -27.892  -0.008  0.172 -0.968   0.328 -0.075  0.859   0.721  0.830 -6.352
 0.528  6.959 -34.481  -0.008  0.168 -0.972   0.328 -0.075  0.859   0.654  0.846 -6.180
 1.148  7.220 -40.702  -0.008  0.164 -0.976   0.328 -0.075  0.859   0.525  0.811 -6.104
 1.924  7.414 -48.187  -0.004  0.172 -0.980   0.178  0.066  0.868   0.553  0.771 -6.081
 2.812  7.260 -55.433   0.012  0.200 -0.988   0.178  0.066  0.868   0.825  0.703 -6.092
 3.643  6.751 -62.198   0.040  0.188 -0.984   0.178  0.066  0.868   0.998  0.567 -6.088
 4.305  6.055 -69.861   0.044  0.176 -1.004   0.028  0.153  0.850   0.942  0.343 -6.080
 4.551  5.525 -77.084   0.048  0.148 -1.004   0.028  0.153  0.850   0.633  0.166 -6.054
 4.544  5.361 -83.957   0.040  0.124 -1.000   0.028  0.153  0.850   0.236  0.091 -6.010
 4.632  5.426 -91.747   0.024  0.120 -1.004  -0.093  0.130  0.844  -0.034  0.120 -5.987
 4.830  5.699 -99.439  -0.008  0.136 -0.996  -0.093  0.130  0.844  -0.204  0.232 -5.991
 5.234  5.861 -106.951  -0.020  0.168 -0.996  -0.093  0.130  0.844  -0.120  0.418 -6.071
 5.808  5.777 -114.378  -0.020  0.164 -1.004  -0.093  0.130  0.844  -0.037  0.618 -6.228
 6.649  5.393 -123.070  -0.024  0.164 -0.992  -0.227  0.006  0.842  -0.018  0.765 -6.356
 7.476  4.816 -131.583  -0.016  0.164 -0.984  -0.227  0.006  0.842  -0.005  0.862 -6.490
 8.174  4.068 -139.857  -0.004  0.156 -0.992  -0.227  0.006  0.842   0.022  0.888 -6.564
 8.724  3.032 -149.052   0.008  0.152 -0.980  -0.339 -0.165  0.823   0.101  0.844 -6.570
 8.990  1.953 -157.885   0.020  0.160 -0.972  -0.339 -0.165  0.823   0.192  0.783 -6.545
 8.847  0.916 -166.339   0.032  0.160 -0.980  -0.339 -0.165  0.823   0.378  0.668 -6.479
 8.377 -0.135 -175.283   0.032  0.152 -0.972  -0.339 -0.338  0.806   0.516  0.596 -6.368
 7.738 -1.019 176.255   0.024  0.144 -0.964  -0.364 -0.338  0.806   0.547  0.576 -6.212
 7.025 -1.800 168.177   0.020  0.132 -0.964  -0.364 -0.338  0.806   0.511  0.607 -6.082
 6.300 -2.527 160.623   0.008  0.132 -0.968  -0.364 -0.338  0.806   0.452  0.687 -5.888
 5.499 -3.350 152.945   0.004  0.128 -0.956  -0.326 -0.491  0.805   0.382  0.813 -5.677
 4.611 -4.160 145.687   0.008  0.132 -0.956  -0.326 -0.491  0.805   0.347  0.909 -5.530
 3.595 -4.879 138.944   0.004  0.144 -0.956  -0.326 -0.491  0.805   0.395  0.996 -5.335
 2.372 -5.495 132.134   0.020  0.136 -0.952  -0.287 -0.618  0.789   0.442  1.048 -5.157
 1.116 -5.917 125.736   0.032  0.144 -0.948  -0.287 -0.618  0.789   0.485  1.020 -4.989
-0.113 -6.124 119.700   0.044  0.144 -0.952  -0.287 -0.618  0.789   0.520  0.956 -4.850
-1.263 -6.099 114.028   0.068  0.132 -0.964  -0.287 -0.618  0.789   0.547  0.830 -4.660
-2.266 -5.959 108.470   0.072  0.124 -0.964  -0.222 -0.685  0.793   0.488  0.714 -4.462
-3.089 -5.787 103.385   0.072  0.124 -0.972  -0.222 -0.685  0.793   0.414  0.629 -4.257
-3.741 -5.606 98.698   0.068  0.116 -0.976  -0.222 -0.685  0.793   0.334  0.546 -4.107
-4.298 -5.421 94.094   0.064  0.116 -0.984  -0.140 -0.754  0.789   0.271  0.488 -3.919
-4.825 -5.234 89.822   0.072  0.116 -0.992  -0.140 -0.754  0.789   0.241  0.480 -3.773
-5.326 -5.023 85.846   0.068  0.116 -0.992  -0.140 -0.754  0.789   0.236  0.500 -3.674
-5.852 -4.768 81.860   0.064  0.136 -0.996  -0.052 -0.766  0.789   0.265  0.539 -3.564
-6.399 -4.415 78.122   0.064  0.124 -0.996  -0.052 -0.766  0.789   0.296  0.603 -3.487
-6.975 -4.051 74.621   0.060  0.132 -0.996  -0.052 -0.766  0.789   0.287  0.676 -3.416
-7.563 -3.643 71.257   0.076  0.136 -1.012  -0.052 -0.766  0.789   0.298  0.699 -3.381
-8.172 -3.181 67.845   0.080  0.144 -1.024   0.021 -0.766  0.803   0.301  0.737 -3.314
-8.578 -2.619 64.655   0.072  0.136 -1.004   0.021 -0.766  0.803   0.411  0.661 -3.265
-8.963 -1.965 61.634   0.096  0.100 -0.980   0.021 -0.766  0.803   0.411  0.653 -3.187
-9.324 -1.533 58.660   0.092  0.080 -0.976   0.085 -0.760  0.808   0.181  0.563 -3.096
-9.784 -1.600 55.823   0.096  0.104 -0.984   0.085 -0.760  0.808  -0.205  0.424 -3.050
-10.060 -1.759 53.184   0.080  0.120 -0.992   0.085 -0.760  0.808  -0.177  0.289 -2.996
-10.254 -1.791 50.381   0.084  0.124 -0.992   0.160 -0.749  0.808  -0.078  0.264 -3.011
-10.444 -1.655 47.624   0.080  0.132 -0.980   0.160 -0.749  0.808   0.039  0.365 -3.060
-10.594 -1.376 44.906   0.092  0.160 -0.980   0.160 -0.749  0.808   0.192  0.414 -3.061
-10.496 -0.965 42.380   0.092  0.132 -0.988   0.160 -0.749  0.808   0.365  0.357 -3.019
-10.292 -0.599 39.784   0.088  0.116 -0.980   0.225 -0.720  0.821   0.362  0.263 -2.996
-10.153 -0.464 37.323   0.088  0.116 -0.980   0.225 -0.720  0.821   0.197  0.158 -2.961
-10.012 -0.365 35.048   0.088  0.116 -0.980   0.225 -0.720  0.821   0.182  0.138 -2.876
-9.802 -0.192 32.660   0.072  0.132 -0.984   0.310 -0.656  0.820   0.269  0.164 -2.775
-9.593 -0.012 30.496   0.048  0.128 -0.984   0.310 -0.656  0.820   0.263  0.231 -2.705
-9.430  0.222 28.512   0.052  0.120 -0.976   0.310 -0.656  0.820   0.244  0.287 -2.620
-9.266  0.530 26.403   0.060  0.140 -0.972   0.346 -0.592  0.827   0.303  0.315 -2.551
-9.178  0.784 24.494   0.052  0.124 -0.976   0.346 -0.592  0.827   0.192  0.330 -2.489
-9.183  1.001 22.701   0.060  0.124 -0.980   0.346 -0.592  0.827   0.106  0.326 -2.438
-9.176  1.179 21.051   0.068  0.120 -0.972   0.346 -0.592  0.827   0.097  0.280 -2.358
-9.151  1.392 19.335   0.096  0.112 -0.972   0.372 -0.535  0.840   0.099  0.225 -2.272
-9.085  1.566 17.806   0.104  0.104 -0.972   0.372 -0.535  0.840   0.109  0.171 -2.165
-8.966  1.644 16.450   0.088  0.104 -0.976   0.372 -0.535  0.840   0.125  0.119 -2.086
-8.793  1.706 15.013   0.088  0.120 -0.972   0.411 -0.477  0.844   0.180  0.071 -1.965
-8.592  1.675 13.831   0.068  0.108 -0.976   0.411 -0.477  0.844   0.161  0.031 -1.843
-8.425  1.622 12.780   0.072  0.116 -0.976   0.411 -0.477  0.844   0.149  0.011 -1.744
-8.219  1.615 11.711   0.076  0.112 -0.976   0.432 -0.413  0.840   0.176  0.008 -1.605
-7.971  1.627 10.876   0.064  0.116 -0.980   0.432 -0.413  0.840   0.225  0.043 -1.441
-7.711  1.673 10.241   0.060  0.116 -0.980   0.432 -0.413  0.840   0.248  0.078 -1.298
-7.455  1.721  9.761   0.048  0.120 -0.976   0.432 -0.413  0.840   0.257  0.106 -1.187
-7.179  1.831  9.320   0.048  0.116 -0.980   0.437 -0.370  0.850   0.276  0.141 -1.045
-6.953  1.998  9.083   0.052  0.100 -0.976   0.437 -0.370  0.850   0.224  0.190 -0.919
-6.796  2.191  8.953   0.048  0.112 -0.972   0.437 -0.370  0.850   0.198  0.234 -0.806
-6.625  2.448  8.680   0.060  0.116 -0.968   0.442 -0.315  0.848   0.227  0.246 -0.731
-6.465  2.698  8.542   0.052  0.112 -0.980   0.442 -0.315  0.848   0.204  0.258 -0.642
-6.354  2.930  8.485   0.064  0.116 -0.984   0.442 -0.315  0.848   0.177  0.231 -0.558
-6.254  3.128  8.437   0.064  0.128 -0.980   0.419 -0.295  0.848   0.189  0.207 -0.478
-6.167  3.294  8.477   0.068  0.124 -0.968   0.419 -0.295  0.848   0.182  0.183 -0.407
-6.060  3.441  8.611   0.084  0.116 -0.976   0.419 -0.295  0.848   0.187  0.137 -0.336
-5.953  3.542  8.809   0.084  0.116 -0.972   0.419 -0.295  0.848   0.187  0.100 -0.274
-5.828  3.631  8.952   0.084  0.120 -0.976   0.411 -0.263  0.859   0.203  0.078 -0.195
-5.694  3.717  9.198   0.088  0.116 -0.972   0.411 -0.263  0.859   0.210  0.067 -0.108
-5.571  3.761  9.505   0.080  0.120 -0.980   0.411 -0.263  0.859   0.205  0.052 -0.043
-5.403  3.830  9.848   0.088  0.108 -0.984   0.413 -0.240  0.850   0.224  0.044  0.050
-5.244  3.863 10.311   0.076  0.108 -0.988   0.413 -0.240  0.850   0.216  0.039  0.155
-5.100  3.854 10.886   0.068  0.108 -0.988   0.413 -0.240  0.850   0.202  0.021  0.262
-5.000  3.866 11.533   0.072  0.124 -0.984   0.401 -0.240  0.852   0.198  0.032  0.361
-4.916  3.873 12.269   0.064  0.124 -0.988   0.401 -0.240  0.852   0.187  0.047  0.449
-4.902  3.892 13.001   0.068  0.132 -0.988   0.401 -0.240  0.852   0.150  0.056  0.529
-4.900  3.933 13.793   0.068  0.128 -0.992   0.393 -0.225  0.859   0.133  0.072  0.612
-4.880  3.980 14.642   0.068  0.120 -0.992   0.393 -0.225  0.859   0.138  0.078  0.693
-4.868  4.033 15.651   0.068  0.108 -0.988   0.393 -0.225  0.859   0.114  0.086  0.779
-4.860  4.076 16.705   0.068  0.108 -0.992   0.393 -0.225  0.859   0.109  0.080  0.850
-4.861  4.068 17.867   0.060  0.104 -0.984   0.395 -0.234  0.859   0.089  0.061  0.927
-4.876  4.048 18.976   0.060  0.112 -0.988   0.395 -0.234  0.859   0.088  0.052  0.995
-4.950  4.039 20.106   0.072  0.120 -0.980   0.395 -0.234  0.859   0.059  0.047  1.044
-5.010  4.021 21.410   0.080  0.112 -0.984   0.377 -0.251  0.855   0.057  0.031  1.113
-5.080  3.967 22.752   0.076  0.108 -0.980   0.377 -0.251  0.855   0.032  0.016  1.172
-5.173  3.877 24.079   0.072  0.116 -0.972   0.377 -0.251  0.855   0.015 -0.001  1.235
-5.260  3.760 25.482   0.068  0.116 -0.980   0.375 -0.263  0.859   0.009 -0.010  1.287
-5.340  3.640 26.816   0.072  0.112 -0.976   0.375 -0.263  0.859  -0.005 -0.027  1.328
-5.435  3.493 28.238   0.072  0.104 -0.976   0.375 -0.263  0.859  -0.039 -0.036  1.362
-5.533  3.318 29.816   0.080  0.108 -0.980   0.375 -0.306  0.853  -0.040 -0.060  1.397
-5.605  3.155 31.291   0.080  0.108 -0.976   0.375 -0.306  0.853  -0.031 -0.069  1.431
-5.695  2.956 32.806   0.084  0.112 -0.988   0.375 -0.306  0.853  -0.055 -0.091  1.466
-5.789  2.740 34.209   0.084  0.112 -0.984   0.375 -0.306  0.853  -0.082 -0.110  1.485
-5.919  2.456 35.786   0.088  0.124 -0.992   0.359 -0.341  0.853  -0.109 -0.133  1.508
-6.053  2.161 37.341   0.088  0.116 -0.976   0.359 -0.341  0.853  -0.139 -0.140  1.528
-6.143  1.880 38.846   0.080  0.104 -0.976   0.359 -0.341  0.853  -0.145 -0.140  1.555
-6.207  1.597 40.438   0.080  0.100 -0.976   0.362 -0.376  0.857  -0.138 -0.146  1.566
-6.259  1.307 42.011   0.076  0.096 -0.976   0.362 -0.376  0.857  -0.153 -0.150  1.587
-6.335  1.011 43.518   0.076  0.104 -0.984   0.362 -0.376  0.857  -0.170 -0.143  1.604
-6.391  0.667 45.169   0.064  0.104 -0.988   0.362 -0.425  0.848  -0.184 -0.146  1.606
-6.481  0.340 46.737   0.076  0.104 -0.980   0.362 -0.425  0.848  -0.210 -0.143  1.616
-6.596  0.003 48.328   0.080  0.100 -0.976   0.362 -0.425  0.848  -0.239 -0.135  1.623
-6.726 -0.330 49.919   0.088  0.104 -0.976   0.362 -0.477  0.844  -0.257 -0.133  1.628
-6.846 -0.679 51.515   0.084  0.108 -0.972   0.333 -0.477  0.844  -0.261 -0.134  1.627
-6.963 -1.043 53.042   0.076  0.116 -0.976   0.333 -0.477  0.844  -0.269 -0.124  1.624
-7.084 -1.390 54.500   0.076  0.116 -0.972   0.333 -0.477  0.844  -0.274 -0.112  1.620
-7.182 -1.748 56.102   0.072  0.108 -0.980   0.323 -0.532  0.842  -0.286 -0.101  1.609
-7.282 -2.105 57.607   0.072  0.112 -0.984   0.323 -0.532  0.842  -0.294 -0.098  1.588
-7.405 -2.455 59.017   0.072  0.116 -0.984   0.323 -0.532  0.842  -0.307 -0.074  1.566
-7.539 -2.799 60.540   0.084  0.120 -0.980   0.289 -0.584  0.829  -0.301 -0.067  1.549
-7.660 -3.091 62.004   0.088  0.104 -0.980   0.289 -0.584  0.829  -0.299 -0.054  1.528
-7.749 -3.385 63.400   0.076  0.104 -0.980   0.289 -0.584  0.829  -0.296 -0.046  1.495
-7.828 -3.726 64.880   0.068  0.120 -0.976   0.253 -0.616  0.831  -0.294 -0.038  1.475
-7.913 -4.037 66.260   0.076  0.116 -0.980   0.253 -0.616  0.831  -0.297 -0.035  1.450
-8.019 -4.352 67.512   0.080  0.124 -0.980   0.253 -0.616  0.831  -0.305 -0.027  1.409
-8.109 -4.660 68.688   0.076  0.120 -0.972   0.253 -0.616  0.831  -0.310 -0.024  1.374
-8.187 -4.950 69.971   0.084  0.116 -0.984   0.217 -0.659  0.823  -0.301 -0.017  1.345
-8.210 -5.229 71.207   0.068  0.112 -0.996   0.217 -0.659  0.823  -0.291 -0.014  1.301
-8.254 -5.487 72.315   0.080  0.108 -0.988   0.217 -0.659  0.823  -0.299 -0.017  1.257
-8.292 -5.761 73.470   0.080  0.116 -0.976   0.189 -0.699  0.818  -0.291 -0.011  1.219
-8.309 -6.018 74.546   0.076  0.112 -0.972   0.189 -0.699  0.818  -0.287 -0.012  1.176
-8.326 -6.261 75.503   0.080  0.112 -0.984   0.189 -0.699  0.818  -0.287 -0.013  1.115
-8.334 -6.494 76.371   0.076  0.116 -0.984   0.189 -0.699  0.818  -0.277 -0.008  1.065
-8.317 -6.738 77.334   0.072  0.116 -0.980   0.142 -0.705  0.806  -0.274 -0.003  1.027
-8.295 -6.964 78.252   0.072  0.116 -0.984   0.142 -0.705  0.806  -0.258  0.000  0.982
-8.284 -7.179 79.021   0.072  0.124 -0.976   0.142 -0.705  0.806  -0.250  0.006  0.933
-8.283 -7.392 79.803   0.076  0.128 -0.972   0.119 -0.760  0.812  -0.239  0.020  0.874
-8.283 -7.565 80.529   0.080  0.120 -0.976   0.119 -0.760  0.812  -0.222  0.022  0.823
-8.267 -7.691 81.187   0.076  0.116 -0.984   0.119 -0.760  0.812  -0.197  0.028  0.775
-8.242 -7.802 81.845   0.080  0.116 -0.984   0.088 -0.777  0.795  -0.182  0.026  0.731
-8.234 -7.909 82.390   0.084  0.124 -0.980   0.088 -0.777  0.795  -0.170  0.030  0.674
-8.246 -7.990 82.838   0.088  0.128 -0.984   0.088 -0.777  0.795  -0.148  0.041  0.620
-8.217 -8.025 83.319   0.084  0.112 -0.988   0.062 -0.783  0.801  -0.128  0.034  0.566
-8.192 -8.054 83.717   0.088  0.108 -0.984   0.062 -0.783  0.801  -0.133  0.028  0.518
-8.184 -8.093 84.000   0.092  0.124 -0.984   0.062 -0.783  0.801  -0.115  0.030  0.453
-8.144 -8.103 84.230   0.084  0.116 -0.972   0.062 -0.783  0.801  -0.098  0.021  0.393
-8.083 -8.127 84.434   0.080  0.116 -0.972   0.052 -0.803  0.799  -0.104  0.016  0.328
-7.997 -8.119 84.595   0.076  0.112 -0.980   0.052 -0.803  0.799  -0.082  0.006  0.282
-7.908 -8.115 84.686   0.076  0.116 -0.980   0.052 -0.803  0.799  -0.077  0.000  0.228
-7.816 -8.131 84.748   0.076  0.128 -0.988   0.036 -0.809  0.788  -0.067  0.000  0.162
-7.740 -8.114 84.720   0.088  0.120 -0.980   0.036 -0.809  0.788  -0.057 -0.016  0.111
-7.650 -8.085 84.648   0.080  0.116 -0.980   0.036 -0.809  0.788  -0.050 -0.010  0.050
-7.564 -8.083 84.505   0.080  0.128 -0.968   0.031 -0.801  0.801  -0.045 -0.014 -0.011
-7.449 -8.024 84.333   0.072  0.120 -0.980   0.031 -0.801  0.801  -0.010 -0.016 -0.071
-7.351 -7.954 84.096   0.080  0.120 -0.984   0.031 -0.801  0.801  -0.001 -0.022 -0.115
-7.241 -7.871 83.828   0.076  0.116 -0.984   0.031 -0.801  0.801   0.007 -0.024 -0.164
-7.133 -7.792 83.449   0.076  0.124 -0.988   0.052 -0.824  0.797   0.017 -0.032 -0.220
-7.052 -7.710 83.017   0.084  0.128 -0.984   0.052 -0.824  0.797   0.028 -0.032 -0.257
-6.989 -7.589 82.526   0.092  0.120 -0.976   0.052 -0.824  0.797   0.046 -0.033 -0.308
-6.878 -7.439 82.052   0.072  0.116 -0.992   0.052 -0.798  0.791   0.076 -0.023 -0.354
-6.764 -7.284 81.541   0.068  0.120 -0.984   0.052 -0.798  0.791   0.097 -0.019 -0.409
-6.651 -7.082 80.940   0.076  0.112 -0.972   0.052 -0.798  0.791   0.120 -0.032 -0.463
-6.562 -6.878 80.252   0.080  0.116 -0.984   0.067 -0.795  0.797   0.127 -0.025 -0.501
-6.488 -6.703 79.563   0.088  0.124 -0.984   0.067 -0.795  0.797   0.130 -0.038 -0.532
-6.377 -6.518 78.886   0.076  0.124 -0.984   0.067 -0.795  0.797   0.155 -0.040 -0.575
-6.253 -6.346 78.185   0.072  0.128 -0.980   0.067 -0.795  0.797   0.163 -0.046 -0.626
-6.122 -6.148 77.364   0.068  0.124 -0.976   0.101 -0.789  0.803   0.180 -0.051 -0.670
-5.998 -5.916 76.536   0.076  0.116 -0.980   0.101 -0.789  0.803   0.198 -0.056 -0.693
-5.860 -5.681 75.703   0.072  0.116 -0.976   0.101 -0.789  0.803   0.215 -0.058 -0.735
-5.734 -5.458 74.765   0.072  0.120 -0.984   0.129 -0.772  0.797   0.211 -0.060 -0.766
-5.620 -5.210 73.826   0.080  0.112 -0.984   0.129 -0.772  0.797   0.222 -0.060 -0.788
-5.509 -4.973 72.909   0.076  0.112 -0.988   0.129 -0.772  0.797   0.222 -0.047 -0.810
-5.407 -4.738 71.830   0.076  0.116 -0.984   0.168 -0.740  0.808   0.227 -0.055 -0.843
-5.300 -4.502 70.791   0.072  0.116 -1.000   0.168 -0.740  0.808   0.236 -0.044 -0.859
-5.182 -4.281 69.723   0.068  0.120 -0.988   0.168 -0.740  0.808   0.237 -0.045 -0.878
-5.103 -4.046 68.705   0.080  0.112 -0.988   0.168 -0.740  0.808   0.239 -0.034 -0.896
-5.001 -3.819 67.652   0.064  0.112 -0.984   0.199 -0.734  0.816   0.246 -0.025 -0.905
-4.883 -3.623 66.634   0.056  0.120 -0.980   0.199 -0.734  0.816   0.253 -0.028 -0.920
-4.767 -3.401 65.645   0.060  0.112 -0.988   0.199 -0.734  0.816   0.264 -0.022 -0.931
-4.702 -3.156 64.505   0.068  0.112 -0.984   0.233 -0.694  0.814   0.264 -0.002 -0.940
-4.646 -2.930 63.393   0.068  0.116 -0.984   0.233 -0.694  0.814   0.261  0.004 -0.950
-4.594 -2.699 62.316   0.068  0.116 -0.980   0.233 -0.694  0.814   0.272  0.015 -0.956
-4.534 -2.474 61.190   0.060  0.112 -0.976   0.251 -0.662  0.827   0.266  0.021 -0.962
-4.491 -2.233 60.103   0.064  0.112 -0.984   0.251 -0.662  0.827   0.277  0.039 -0.960
-4.462 -2.000 59.042   0.068  0.112 -0.976   0.251 -0.662  0.827   0.272  0.043 -0.963
-4.420 -1.785 57.999   0.060  0.116 -0.984   0.251 -0.662  0.827   0.270  0.049 -0.956
-4.420 -1.550 56.836   0.068  0.116 -0.980   0.279 -0.645  0.825   0.265  0.065 -0.969
-4.433 -1.307 55.769   0.076  0.108 -0.980   0.279 -0.645  0.825   0.263  0.076 -0.969
-4.444 -1.076 54.753   0.076  0.108 -0.976   0.279 -0.645  0.825   0.260  0.077 -0.961
-4.490 -0.833 53.627   0.088  0.108 -0.976   0.300 -0.610  0.829   0.246  0.080 -0.955
-4.532 -0.631 52.560   0.080  0.112 -0.980   0.300 -0.610  0.829   0.231  0.084 -0.952
-4.543 -0.438 51.595   0.072  0.104 -0.972   0.300 -0.610  0.829   0.232  0.083 -0.928
-4.575 -0.263 50.520   0.072  0.108 -0.976   0.315 -0.569  0.840   0.210  0.086 -0.931
-4.620 -0.098 49.520   0.072  0.108 -0.976   0.315 -0.569  0.840   0.199  0.095 -0.903
-4.670  0.035 48.572   0.072  0.120 -0.984   0.315 -0.569  0.840   0.197  0.088 -0.872
-4.704  0.171 47.718   0.068  0.104 -0.984   0.315 -0.569  0.840   0.180  0.097 -0.863
-4.769  0.287 46.782   0.068  0.112 -0.984   0.333 -0.538  0.835   0.158  0.100 -0.837
-4.808  0.400 45.936   0.068  0.100 -0.984   0.333 -0.538  0.835   0.148  0.089 -0.815
-4.869  0.477 45.171   0.060  0.104 -0.976   0.333 -0.538  0.835   0.123  0.102 -0.780
-4.952  0.534 44.382   0.064  0.108 -0.984   0.331 -0.512  0.836   0.099  0.095 -0.762
-5.027  0.589 43.686   0.064  0.100 -0.984   0.331 -0.512  0.836   0.086  0.094 -0.725
-5.148  0.624 43.003   0.076  0.112 -0.980   0.331 -0.512  0.836   0.065  0.084 -0.686
-5.280  0.641 42.276   0.068  0.116 -0.976   0.341 -0.488  0.848   0.048  0.092 -0.666
-5.401  0.650 41.650   0.064  0.108 -0.972   0.341 -0.488  0.848   0.032  0.093 -0.628
-5.557  0.637 41.059   0.068  0.116 -0.972   0.341 -0.488  0.848   0.007  0.092 -0.593
-5.728  0.612 40.514   0.072  0.120 -0.972   0.341 -0.488  0.848  -0.009  0.086 -0.556
-5.909  0.604 39.998   0.076  0.116 -0.968   0.346 -0.480  0.842  -0.020  0.093 -0.517
-6.094  0.582 39.505   0.076  0.120 -0.976   0.346 -0.480  0.842  -0.031  0.091 -0.510
-6.260  0.577 39.131   0.080  0.104 -0.984   0.346 -0.480  0.842  -0.046  0.089 -0.456
-6.412  0.543 38.819   0.072  0.104 -0.988   0.336 -0.468  0.842  -0.057  0.083 -0.428
-6.590  0.527 38.514   0.088  0.108 -0.980   0.336 -0.468  0.842  -0.063  0.075 -0.389
-6.747  0.472 38.296   0.072  0.108 -0.980   0.336 -0.468  0.842  -0.074  0.075 -0.355
-6.906  0.368 38.117   0.060  0.116 -0.980   0.344 -0.471  0.848  -0.093  0.069 -0.317
-7.062  0.277 37.964   0.068  0.116 -0.992   0.344 -0.471  0.848  -0.094  0.060 -0.290
-7.225  0.189 37.862   0.068  0.112 -0.984   0.344 -0.471  0.848  -0.109  0.066 -0.257
-7.396  0.094 37.777   0.072  0.116 -0.980   0.344 -0.471  0.848  -0.117  0.056 -0.226
-7.565 -0.012 37.762   0.076  0.112 -0.984   0.344 -0.477  0.840  -0.127  0.043 -0.190
-7.735 -0.119 37.803   0.076  0.108 -0.984   0.344 -0.477  0.840  -0.142  0.044 -0.153
-7.904 -0.235 37.843   0.080  0.116 -0.992   0.344 -0.477  0.840  -0.140  0.031 -0.129
-8.084 -0.376 37.958   0.080  0.124 -0.996   0.339 -0.491  0.844  -0.150  0.026 -0.095
-8.188 -0.493 38.127   0.072  0.120 -0.988   0.339 -0.491  0.844  -0.107  0.019 -0.060
-8.202 -0.541 38.337   0.072  0.108 -0.988   0.339 -0.491  0.844  -0.035  0.019 -0.047
-8.093 -0.530 38.574   0.068  0.076 -0.988   0.354 -0.488  0.848   0.017 -0.001 -0.049
-8.024 -0.591 38.796   0.068  0.076 -0.996   0.354 -0.488  0.848  -0.048 -0.029 -0.057
-8.021 -0.678 39.020   0.080  0.068 -0.996   0.354 -0.488  0.848  -0.122 -0.040 -0.042
-8.138 -0.872 39.250   0.080  0.080 -0.996   0.354 -0.488  0.848  -0.242 -0.049 -0.002
-8.281 -1.081 39.515   0.076  0.084 -0.984   0.357 -0.488  0.838  -0.266 -0.040  0.045
-8.366 -1.222 39.797   0.076  0.092 -0.976   0.357 -0.488  0.838  -0.183 -0.030  0.090
-8.409 -1.308 40.035   0.080  0.108 -0.972   0.357 -0.488  0.838  -0.099 -0.030  0.105
-8.393 -1.359 40.428   0.084  0.104 -0.964   0.346 -0.523  0.836  -0.040 -0.036  0.127
-8.367 -1.383 40.831   0.076  0.096 -0.960   0.346 -0.523  0.836  -0.034 -0.010  0.134
-8.363 -1.434 41.272   0.076  0.088 -0.976   0.346 -0.523  0.836  -0.082 -0.012  0.160
-8.364 -1.516 41.743   0.080  0.088 -0.980   0.349 -0.526  0.840  -0.105 -0.039  0.208
-8.338 -1.609 42.201   0.088  0.096 -0.976   0.349 -0.526  0.840  -0.082 -0.082  0.245
-8.306 -1.734 42.666   0.088  0.104 -0.980   0.349 -0.526  0.840  -0.085 -0.110  0.282
-8.221 -1.925 43.147   0.076  0.112 -0.980   0.349 -0.526  0.840  -0.077 -0.161  0.306
-8.113 -2.116 43.584   0.080  0.112 -0.980   0.359 -0.529  0.835  -0.068 -0.192  0.306
-8.005 -2.325 44.055   0.068  0.104 -0.980   0.359 -0.529  0.835  -0.096 -0.182  0.312
-7.953 -2.492 44.545   0.064  0.108 -0.984   0.359 -0.529  0.835  -0.103 -0.120  0.347
-7.919 -2.612 45.074   0.060  0.116 -0.988   0.354 -0.552  0.833  -0.071 -0.068  0.342
-7.833 -2.655 45.571   0.064  0.112 -0.996   0.354 -0.552  0.833  -0.002 -0.063  0.327
-7.798 -2.693 46.034   0.068  0.108 -0.992   0.354 -0.552  0.833  -0.038 -0.040  0.317
-7.816 -2.750 46.426   0.072  0.128 -0.984   0.354 -0.564  0.835  -0.042 -0.032  0.300
-7.821 -2.778 46.809   0.072  0.120 -0.984   0.354 -0.564  0.835  -0.033 -0.022  0.289
-7.829 -2.766 47.203   0.076  0.108 -0.984   0.354 -0.564  0.835  -0.033 -0.002  0.295
-7.846 -2.710 47.547   0.084  0.116 -0.976   0.354 -0.564  0.835   0.006  0.009  0.299
-7.812 -2.637 47.892   0.088  0.112 -0.980   0.351 -0.569  0.831   0.040 -0.018  0.288
-7.750 -2.592 48.221   0.088  0.104 -0.980   0.351 -0.569  0.831   0.027 -0.050  0.270
-7.759 -2.642 48.452   0.088  0.120 -0.972   0.351 -0.569  0.831  -0.043 -0.065  0.233
-7.736 -2.793 48.724   0.068  0.124 -0.968   0.339 -0.575  0.838  -0.078 -0.096  0.208
-7.732 -2.950 48.875   0.076  0.144 -0.960   0.339 -0.575  0.838  -0.057 -0.116  0.173
-7.727 -3.092 48.969   0.076  0.152 -0.964   0.339 -0.575  0.838  -0.038 -0.113  0.144
-7.699 -3.167 49.033   0.072  0.160 -0.972   0.354 -0.584  0.833   0.028 -0.088  0.140
-7.589 -3.153 49.154   0.060  0.140 -0.980   0.354 -0.584  0.833   0.095 -0.057  0.122
-7.556 -3.143 49.229   0.068  0.132 -0.968   0.354 -0.584  0.833   0.038 -0.030  0.092
-7.578 -3.151 49.270   0.072  0.132 -0.972   0.354 -0.584  0.833  -0.006 -0.013  0.074
-7.557 -3.159 49.327   0.068  0.120 -0.968   0.351 -0.581  0.833  -0.004 -0.030  0.058
-7.502 -3.162 49.351   0.064  0.120 -0.972   0.351 -0.581  0.833   0.020 -0.040  0.020
-7.452 -3.148 49.337   0.072  0.116 -0.968   0.351 -0.581  0.833   0.021 -0.047 -0.003
-7.447 -3.120 49.248   0.080  0.132 -0.968   0.346 -0.578  0.840   0.035 -0.033 -0.024
-7.438 -3.085 49.136   0.072  0.140 -0.972   0.346 -0.578  0.840   0.059 -0.013 -0.047
-7.427 -3.088 49.028   0.064  0.136 -0.968   0.346 -0.578  0.840   0.031 -0.017 -0.069
-7.461 -3.093 48.854   0.064  0.136 -0.964   0.364 -0.584  0.833   0.002  0.006 -0.099
-7.511 -3.078 48.673   0.064  0.140 -0.968   0.364 -0.584  0.833   0.013  0.027 -0.097
-7.517 -3.019 48.531   0.064  0.128 -0.972   0.364 -0.584  0.833   0.040  0.030 -0.098
-7.498 -2.986 48.385   0.060  0.132 -0.984   0.364 -0.578  0.827   0.044  0.010 -0.102
-7.483 -2.971 48.264   0.056  0.144 -0.984   0.357 -0.578  0.827   0.056  0.011 -0.093
-7.447 -2.947 48.172   0.056  0.132 -0.980   0.357 -0.578  0.827   0.054  0.005 -0.096
-7.431 -2.909 48.095   0.064  0.124 -0.972   0.357 -0.578  0.827   0.039  0.009 -0.082
-7.468 -2.856 47.948   0.076  0.132 -0.972   0.357 -0.561  0.836   0.029  0.017 -0.065
-7.499 -2.831 47.822   0.068  0.132 -0.964   0.357 -0.561  0.836   0.018  0.016 -0.063
-7.508 -2.837 47.662   0.068  0.148 -0.976   0.357 -0.561  0.836   0.038 -0.017 -0.070
-7.496 -2.838 47.475   0.072  0.144 -0.988   0.370 -0.561  0.838   0.040 -0.038 -0.075
-7.481 -2.882 47.295   0.060  0.152 -0.980   0.370 -0.561  0.838   0.033 -0.041 -0.076
-7.470 -2.875 47.176   0.060  0.144 -0.972   0.370 -0.561  0.838   0.050 -0.010 -0.043
-7.710 -3.118 47.099   0.052  0.132 -0.968   0.370 -0.561  0.838  -0.279  0.023 -0.038
-7.781 -3.121 47.008   0.060  0.140 -0.976   0.362 -0.549  0.825  -0.024  0.039 -0.030
-7.841 -3.150 46.932   0.056  0.148 -0.984   0.362 -0.549  0.825  -0.023  0.026 -0.014
-7.854 -3.146 46.906   0.060  0.136 -0.980   0.362 -0.549  0.825   0.001  0.010  0.008
-7.845 -3.161 46.970   0.052  0.132 -0.976   0.362 -0.569  0.835  -0.001  0.010  0.024
-7.815 -3.177 47.048   0.052  0.132 -0.976   0.362 -0.569  0.835   0.011 -0.005  0.036
-7.798 -3.210 47.097   0.056  0.136 -0.976   0.362 -0.569  0.835   0.000 -0.018  0.030
-7.794 -3.256 47.134   0.048  0.144 -0.976   0.370 -0.566  0.836  -0.002 -0.006  0.050
-7.782 -3.261 47.184   0.056  0.136 -0.984   0.370 -0.566  0.836   0.010 -0.002  0.057
-7.725 -3.261 47.254   0.052  0.132 -0.980   0.370 -0.566  0.836   0.032 -0.018  0.057
-7.683 -3.265 47.267   0.052  0.140 -0.984   0.362 -0.549  0.829   0.035 -0.016  0.044
-7.656 -3.272 47.295   0.052  0.124 -0.992   0.362 -0.549  0.829  -0.006 -0.005  0.022
-7.673 -3.285 47.296   0.052  0.132 -0.992   0.362 -0.549  0.829  -0.020  0.016  0.019
-7.704 -3.265 47.284   0.056  0.132 -0.988   0.362 -0.549  0.829  -0.007  0.036  0.017
-7.712 -3.242 47.318   0.056  0.132 -0.984   0.354 -0.564  0.833   0.012  0.030  0.008
-7.720 -3.205 47.338   0.060  0.132 -0.984   0.354 -0.564  0.833   0.021  0.030  0.004
-7.753 -3.164 47.295   0.068  0.144 -0.988   0.354 -0.564  0.833   0.029  0.028 -0.010
-7.755 -3.147 47.253   0.056  0.132 -0.988   0.375 -0.566  0.835   0.010  0.021 -0.016
-7.781 -3.150 47.211   0.052  0.136 -0.976   0.375 -0.566  0.835  -0.006  0.031 -0.010
-7.807 -3.137 47.163   0.056  0.136 -0.980   0.375 -0.566  0.835   0.002  0.032 -0.011
-7.808 -3.125 47.141   0.056  0.132 -0.980   0.367 -0.561  0.833   0.009  0.019 -0.007
-7.794 -3.127 47.118   0.056  0.132 -0.984   0.367 -0.561  0.833   0.007  0.001 -0.010
-7.790 -3.133 47.070   0.060  0.132 -0.972   0.367 -0.561  0.833   0.002 -0.006 -0.020
-7.721 -3.161 47.054   0.048  0.128 -0.976   0.367 -0.561  0.833   0.020 -0.032 -0.030
-7.698 -3.189 46.993   0.052  0.128 -0.976   0.367 -0.555  0.840  -0.009 -0.016 -0.043
-7.679 -3.195 46.965   0.052  0.116 -0.972   0.367 -0.555  0.840  -0.018  0.001 -0.041
-7.712 -3.158 46.903   0.056  0.136 -0.968   0.367 -0.555  0.840   0.016  0.042 -0.015
-7.756 -3.084 46.862   0.064  0.128 -0.972   0.370 -0.558  0.829   0.017  0.060 -0.010
-7.785 -3.024 46.845   0.060  0.120 -0.976   0.370 -0.558  0.829   0.002  0.056 -0.016
-7.769 -2.981 46.811   0.064  0.124 -0.992   0.370 -0.558  0.829   0.022  0.014 -0.024
-7.751 -2.990 46.766   0.060  0.128 -0.988   0.370 -0.558  0.836   0.001 -0.012 -0.030
-7.783 -3.009 46.700   0.064  0.144 -0.976   0.370 -0.558  0.836  -0.004 -0.002 -0.002
-7.792 -2.979 46.669   0.068  0.136 -0.984   0.370 -0.558  0.836   0.023  0.008  0.012
-7.743 -2.985 46.612   0.064  0.132 -0.984   0.370 -0.558  0.836   0.028 -0.040 -0.030
-7.685 -3.027 46.538   0.068  0.132 -0.980   0.362 -0.558  0.836   0.013 -0.076 -0.055
-7.647 -3.105 46.469   0.056  0.136 -0.984   0.362 -0.558  0.836  -0.012 -0.061 -0.069
-7.627 -3.178 46.415   0.044  0.148 -0.976   0.362 -0.558  0.836   0.005 -0.025 -0.052
-7.621 -3.182 46.332   0.052  0.140 -0.976   0.375 -0.555  0.833   0.021  0.001 -0.044
-7.602 -3.193 46.254   0.044  0.144 -0.964   0.375 -0.555  0.833   0.035  0.004 -0.044
-7.551 -3.184 46.195   0.040  0.140 -0.976   0.375 -0.555  0.833   0.057  0.008 -0.053
-7.544 -3.159 46.175   0.044  0.140 -0.980   0.367 -0.558  0.831   0.043  0.038 -0.040
-7.602 -3.154 46.123   0.056  0.140 -0.984   0.367 -0.558  0.831  -0.011  0.042 -0.044
-7.696 -3.162 46.079   0.060  0.140 -0.984   0.367 -0.558  0.831  -0.043  0.048 -0.030
-7.747 -3.148 46.078   0.052  0.136 -0.980   0.367 -0.558  0.831  -0.011  0.055 -0.018
-7.780 -3.105 46.038   0.060  0.132 -0.988   0.380 -0.549  0.840   0.004  0.041  0.004
-7.812 -3.071 45.987   0.056  0.144 -0.984   0.380 -0.549  0.840   0.023  0.041  0.014
-7.807 -3.021 45.971   0.056  0.136 -0.984   0.380 -0.549  0.840   0.040  0.032  0.023
-7.835 -2.956 45.960   0.072  0.120 -0.984   0.382 -0.549  0.835  -0.001  0.030  0.026
-7.840 -2.936 45.989   0.060  0.116 -0.980   0.382 -0.549  0.835  -0.020  0.019  0.033
-7.882 -2.956 45.974   0.052  0.140 -0.968   0.382 -0.549  0.835  -0.017  0.027  0.039
-7.919 -2.960 45.915   0.060  0.148 -0.976   0.370 -0.535  0.836   0.005  0.014  0.033
-7.935 -2.942 45.874   0.068  0.132 -0.972   0.370 -0.535  0.836   0.001  0.001  0.025
-7.958 -2.910 45.821   0.072  0.132 -0.972   0.370 -0.535  0.836   0.005  0.004  0.023
-7.932 -2.916 45.773   0.060  0.136 -0.984   0.370 -0.535  0.836   0.017 -0.018  0.004
-7.884 -2.918 45.737   0.064  0.132 -0.988   0.372 -0.546  0.840   0.024 -0.034 -0.009
-7.824 -2.954 45.699   0.056  0.132 -0.984   0.372 -0.546  0.840   0.015 -0.044 -0.025
-7.790 -3.000 45.653   0.052  0.132 -0.976   0.372 -0.546  0.840  -0.004 -0.032 -0.038
-7.834 -3.046 45.549   0.056  0.152 -0.976   0.375 -0.549  0.836  -0.015  0.000 -0.038
-7.876 -3.052 45.481   0.056  0.140 -0.992   0.375 -0.549  0.836  -0.017  0.030 -0.043
-7.917 -3.075 45.421   0.048  0.152 -0.996   0.375 -0.549  0.836  -0.006  0.036 -0.029
-7.908 -3.053 45.394   0.048  0.148 -0.988   0.370 -0.549  0.833   0.046  0.033 -0.024
-7.887 -3.023 45.357   0.052  0.148 -0.984   0.370 -0.549  0.833   0.060  0.022 -0.025
-7.871 -2.978 45.334   0.060  0.132 -0.980   0.370 -0.549  0.833   0.038  0.020 -0.032
-7.853 -2.941 45.317   0.064  0.120 -0.980   0.370 -0.549  0.833   0.012  0.009 -0.046
-7.810 -2.923 45.297   0.048  0.124 -0.976   0.375 -0.549  0.838   0.027  0.015 -0.054
-7.754 -2.900 45.250   0.052  0.120 -0.968   0.375 -0.549  0.838   0.033 -0.001 -0.077
-7.778 -2.875 45.130   0.072  0.128 -0.972   0.375 -0.549  0.838  -0.001  0.003 -0.088
-7.761 -2.814 45.015   0.080  0.124 -0.984   0.375 -0.549  0.835   0.035 -0.013 -0.092
-7.733 -2.807 44.909   0.060  0.132 -0.980   0.375 -0.549  0.835   0.029 -0.011 -0.104
-7.707 -2.820 44.813   0.052  0.136 -0.988   0.375 -0.549  0.835   0.022 -0.003 -0.108
-7.632 -2.784 44.733   0.048  0.124 -0.984   0.370 -0.532  0.833   0.061  0.004 -0.104
-7.548 -2.761 44.652   0.044  0.120 -0.988   0.370 -0.532  0.833   0.050  0.001 -0.123
-7.501 -2.789 44.588   0.036  0.116 -0.980   0.370 -0.532  0.833  -0.004  0.008 -0.134
-7.521 -2.798 44.485   0.048  0.128 -0.984   0.370 -0.532  0.833  -0.012  0.028 -0.120
-7.567 -2.783 44.361   0.056  0.128 -0.980   0.385 -0.538  0.838  -0.016  0.038 -0.099
-7.636 -2.754 44.276   0.060  0.128 -0.972   0.385 -0.538  0.838  -0.021  0.052 -0.059
-7.682 -2.697 44.218   0.060  0.128 -0.968   0.385 -0.538  0.838   0.010  0.056 -0.037
-7.716 -2.674 44.173   0.060  0.136 -0.960   0.372 -0.535  0.833   0.016  0.031 -0.033
-7.761 -2.677 44.115   0.060  0.140 -0.964   0.372 -0.535  0.833   0.000  0.022 -0.038
-7.824 -2.705 44.044   0.064  0.152 -0.972   0.372 -0.535  0.833  -0.009  0.006 -0.020
-7.848 -2.712 44.004   0.064  0.148 -0.976   0.372 -0.529  0.836   0.017 -0.003  0.008
-7.833 -2.660 44.050   0.064  0.128 -0.980   0.372 -0.529  0.836   0.038  0.017  0.034
-7.810 -2.600 44.126   0.064  0.120 -0.972   0.372 -0.529  0.836   0.037  0.020  0.047
-7.744 -2.553 44.244   0.056  0.116 -0.976   0.372 -0.529  0.836   0.050  0.005  0.059
-7.710 -2.577 44.361   0.056  0.116 -0.972   0.377 -0.535  0.836  -0.010 -0.021  0.064
-7.689 -2.647 44.471   0.048  0.120 -0.972   0.377 -0.535  0.836  -0.037 -0.025  0.057
-7.685 -2.719 44.521   0.052  0.132 -0.964   0.377 -0.535  0.836  -0.026 -0.032  0.046
-7.686 -2.761 44.560   0.064  0.136 -0.968   0.372 -0.535  0.831  -0.006 -0.039  0.052
-7.690 -2.776 44.571   0.064  0.136 -0.972   0.372 -0.535  0.831   0.006 -0.019  0.028
-7.682 -2.769 44.570   0.064  0.136 -0.972   0.372 -0.535  0.831   0.027 -0.014  0.018
-7.668 -2.784 44.589   0.052  0.136 -0.976   0.370 -0.535  0.838   0.018 -0.002  0.008
-7.658 -2.807 44.592   0.052  0.136 -0.984   0.370 -0.535  0.838   0.009 -0.005 -0.008
-7.659 -2.836 44.567   0.060  0.140 -0.984   0.370 -0.535  0.838   0.004 -0.022 -0.009
-7.653 -2.864 44.549   0.060  0.136 -0.984   0.370 -0.535  0.838   0.001 -0.025 -0.013
-7.615 -2.880 44.539   0.060  0.128 -0.984   0.377 -0.540  0.844   0.012 -0.036 -0.018
-7.563 -2.902 44.558   0.052  0.124 -0.992   0.377 -0.540  0.844   0.010 -0.030 -0.019
-7.552 -2.902 44.553   0.060  0.124 -0.992   0.377 -0.540  0.844  -0.002 -0.011 -0.024
-7.536 -2.882 44.559   0.056  0.120 -0.984   0.372 -0.532  0.831   0.007  0.006 -0.025
-7.543 -2.866 44.574   0.048  0.128 -0.992   0.372 -0.532  0.831   0.006  0.036 -0.016
-7.542 -2.836 44.577   0.052  0.124 -0.984   0.372 -0.532  0.831   0.012  0.030 -0.025
-7.549 -2.818 44.523   0.052  0.128 -0.992   0.375 -0.532  0.838   0.007  0.027 -0.057
-7.611 -2.788 44.439   0.056  0.132 -0.980   0.375 -0.532  0.838  -0.010  0.058 -0.064
-7.652 -2.778 44.370   0.052  0.136 -0.984   0.375 -0.532  0.838  -0.002  0.043 -0.055
-7.642 -2.735 44.322   0.048  0.128 -0.988   0.375 -0.532  0.838   0.033  0.045 -0.068
-7.651 -2.664 44.241   0.056  0.124 -0.980   0.377 -0.532  0.838   0.032  0.056 -0.082
-7.668 -2.594 44.151   0.056  0.124 -0.972   0.377 -0.532  0.838   0.031  0.061 -0.090
-7.694 -2.499 44.050   0.064  0.124 -0.976   0.377 -0.532  0.838   0.039  0.067 -0.090
-7.715 -2.413 43.956   0.060  0.124 -0.972   0.370 -0.523  0.833   0.040  0.070 -0.092
-7.723 -2.312 43.868   0.064  0.120 -0.972   0.370 -0.523  0.833   0.050  0.066 -0.093
-7.709 -2.258 43.768   0.056  0.128 -0.968   0.370 -0.523  0.833   0.055  0.042 -0.102
-7.701 -2.180 43.632   0.068  0.124 -0.976   0.367 -0.514  0.840   0.055  0.034 -0.109
-7.676 -2.134 43.514   0.064  0.124 -0.972   0.367 -0.514  0.840   0.050  0.014 -0.104
-7.638 -2.106 43.385   0.068  0.128 -0.976   0.367 -0.514  0.840   0.055 -0.013 -0.104
-7.572 -2.088 43.330   0.056  0.120 -0.980   0.367 -0.514  0.840   0.055 -0.007 -0.086
-7.517 -2.044 43.266   0.060  0.116 -0.976   0.377 -0.517  0.838   0.056  0.004 -0.080
-7.481 -1.989 43.214   0.060  0.120 -0.972   0.377 -0.517  0.838   0.062  0.021 -0.060
-7.475 -1.934 43.173   0.064  0.120 -0.968   0.377 -0.517  0.838   0.046  0.030 -0.043
-7.458 -1.871 43.158   0.068  0.116 -0.976   0.370 -0.517  0.840   0.050  0.025 -0.043
-7.434 -1.821 43.167   0.068  0.112 -0.980   0.370 -0.517  0.840   0.040  0.015 -0.035
-7.377 -1.768 43.215   0.064  0.104 -0.988   0.370 -0.517  0.840   0.049  0.010 -0.027
-7.333 -1.721 43.201   0.064  0.112 -0.984   0.370 -0.500  0.842   0.054  0.006 -0.019
-7.275 -1.672 43.186   0.068  0.108 -0.988   0.370 -0.500  0.842   0.056 -0.007 -0.025
-7.218 -1.624 43.177   0.068  0.108 -0.980   0.370 -0.500  0.842   0.060 -0.010 -0.016
-7.177 -1.563 43.155   0.072  0.112 -0.976   0.370 -0.500  0.842   0.067 -0.002 -0.010
-7.123 -1.519 43.123   0.064  0.108 -0.976   0.377 -0.494  0.842   0.060 -0.005 -0.011
-7.080 -1.473 43.087   0.064  0.112 -0.980   0.377 -0.494  0.842   0.062  0.003 -0.008
-7.056 -1.433 43.060   0.068  0.112 -0.988   0.377 -0.494  0.842   0.048  0.003  0.003
-7.029 -1.396 43.079   0.064  0.112 -0.992   0.370 -0.497  0.836   0.050  0.012  0.006
-6.994 -1.337 43.107   0.068  0.108 -0.992   0.370 -0.497  0.836   0.062  0.014  0.013
-6.971 -1.297 43.130   0.064  0.112 -0.992   0.370 -0.497  0.836   0.054  0.017  0.012
-6.935 -1.259 43.130   0.060  0.112 -0.988   0.370 -0.486  0.844   0.062  0.014  0.018
-6.907 -1.216 43.125   0.064  0.112 -0.980   0.370 -0.486  0.844   0.060  0.011  0.024
-6.876 -1.171 43.126   0.064  0.112 -0.980   0.370 -0.486  0.844   0.065  0.010  0.029
-6.854 -1.129 43.135   0.064  0.112 -0.984   0.370 -0.486  0.844   0.061  0.016  0.035
-6.833 -1.098 43.130   0.056  0.112 -0.988   0.382 -0.483  0.840   0.053  0.025  0.042
-6.829 -1.048 43.104   0.064  0.116 -0.980   0.382 -0.483  0.840   0.062  0.027  0.051
-6.804 -1.000 43.084   0.060  0.112 -0.972   0.382 -0.483  0.840   0.070  0.022  0.042
-6.755 -0.962 43.144   0.056  0.100 -0.976   0.370 -0.477  0.844   0.060  0.017  0.059
-6.739 -0.942 43.161   0.060  0.112 -0.980   0.370 -0.477  0.844   0.051  0.014  0.058
-6.718 -0.956 43.176   0.052  0.120 -0.988   0.370 -0.477  0.844   0.050  0.006  0.059
-6.728 -0.935 43.140   0.072  0.116 -0.980   0.377 -0.474  0.846   0.040 -0.002  0.070
-6.727 -0.914 43.113   0.072  0.112 -0.976   0.377 -0.474  0.846   0.040 -0.007  0.070
-6.701 -0.902 43.110   0.068  0.108 -0.972   0.377 -0.474  0.846   0.046 -0.017  0.074
-6.710 -0.902 43.062   0.072  0.120 -0.968   0.377 -0.474  0.846   0.040 -0.018  0.073
-6.718 -0.896 43.036   0.072  0.116 -0.972   0.377 -0.471  0.838   0.035 -0.013  0.083
-6.703 -0.886 43.055   0.068  0.104 -0.972   0.377 -0.471  0.838   0.031 -0.011  0.085
-6.694 -0.896 43.077   0.064  0.108 -0.972   0.377 -0.471  0.838   0.024 -0.013  0.091
-6.681 -0.900 43.157   0.068  0.108 -0.972   0.357 -0.477  0.842   0.033 -0.014  0.089
-6.669 -0.921 43.254   0.060  0.108 -0.972   0.357 -0.477  0.842   0.024 -0.007  0.091
-6.684 -0.934 43.312   0.068  0.116 -0.976   0.357 -0.477  0.842   0.024 -0.006  0.094
-6.711 -0.914 43.292   0.076  0.112 -0.992   0.380 -0.468  0.846   0.018 -0.001  0.103
-6.751 -0.883 43.267   0.080  0.108 -0.988   0.380 -0.468  0.846   0.010  0.006  0.097
-6.777 -0.891 43.264   0.064  0.108 -0.976   0.380 -0.468  0.846   0.000  0.009  0.092
-6.802 -0.915 43.292   0.060  0.112 -0.976   0.380 -0.477  0.844   0.000  0.010  0.099
-6.840 -0.923 43.313   0.068  0.108 -0.976   0.377 -0.477  0.844  -0.007  0.010  0.091
-6.864 -0.942 43.340   0.064  0.108 -0.980   0.377 -0.477  0.844  -0.006  0.006  0.089
-6.889 -0.941 43.372   0.068  0.104 -0.976   0.377 -0.477  0.844  -0.005  0.011  0.094
-6.916 -0.978 43.440   0.060  0.112 -0.988   0.362 -0.480  0.846  -0.011  0.011  0.081
-6.948 -1.014 43.497   0.064  0.112 -0.980   0.362 -0.480  0.846  -0.013  0.004  0.085
-6.973 -1.064 43.547   0.060  0.112 -0.992   0.362 -0.480  0.846  -0.021  0.003  0.069
-7.029 -1.115 43.548   0.064  0.124 -0.992   0.367 -0.486  0.848  -0.024  0.008  0.064
-7.082 -1.165 43.537   0.068  0.124 -0.992   0.367 -0.486  0.848  -0.024 -0.003  0.062
-7.142 -1.182 43.517   0.080  0.116 -0.988   0.367 -0.486  0.848  -0.028 -0.002  0.057
-7.191 -1.205 43.543   0.076  0.112 -0.996   0.372 -0.494  0.840  -0.033  0.000  0.064
-7.230 -1.248 43.560   0.072  0.112 -0.996   0.372 -0.494  0.840  -0.040 -0.008  0.050
-7.256 -1.293 43.586   0.064  0.112 -0.992   0.372 -0.494  0.840  -0.033 -0.001  0.046
-7.292 -1.334 43.594   0.068  0.112 -0.976   0.372 -0.494  0.840  -0.037 -0.005  0.044
-7.345 -1.354 43.593   0.076  0.108 -0.972   0.359 -0.483  0.844  -0.044  0.001  0.045
-7.390 -1.380 43.596   0.072  0.108 -0.972   0.359 -0.483  0.844  -0.044  0.001  0.041
-7.440 -1.447 43.584   0.064  0.120 -0.976   0.359 -0.483  0.844  -0.051 -0.005  0.040
-7.497 -1.496 43.565   0.068  0.120 -0.980   0.370 -0.497  0.846  -0.048  0.003  0.028
-7.519 -1.520 43.599   0.064  0.104 -0.980   0.370 -0.497  0.846  -0.043  0.011  0.029
-7.545 -1.559 43.617   0.064  0.108 -0.980   0.370 -0.497  0.846  -0.048  0.003  0.025
-7.583 -1.627 43.618   0.060  0.116 -0.984   0.367 -0.494  0.838  -0.060  0.000  0.019
